Running 500 random-policy episodes to calibrate zt ranges...
  50/500 done...
  100/500 done...
  150/500 done...
  200/500 done...
  250/500 done...
  300/500 done...
  350/500 done...
  400/500 done...
  450/500 done...
  500/500 done...

=== Calibration Results (risk_scale=1.0) ===
zt[0] (return):      min=-1.023, max=54.452, range=55.475
zt[1] (-CVaR contrib): min=-115.717, max=-0.554, range=115.163

range ratio (zt0/zt1): 0.482
→ Recommended risk_scale to equalize: 2.076

=== Robust range (1st-99th percentile) ===
zt[0]: [0.011, 51.935]
zt[1]: [-109.668, -2.649]

Recommended risk_scale: 0.485

✓ Updated normalization_data/data.pickle with Portfolio entry:
  min = [array([ 1.05683374e-02, -1.09668193e+02])]
  max = [array([51.93478239, -2.64934503])]

Done. Use --portfolio_risk_scale 0.49 in training command.
