Running 500 random-policy episodes to calibrate zt ranges...
reward_type: sharpe_cvar
  50/500 done...
  100/500 done...
  150/500 done...
  200/500 done...
  250/500 done...
  300/500 done...
  350/500 done...
  400/500 done...
  450/500 done...
  500/500 done...

=== Calibration Results (risk_scale=1.0) ===
zt[0] (return):      min=-100.000, max=250.004, range=350.004
zt[1] (-CVaR contrib): min=-114.366, max=-0.451, range=113.916

range ratio (zt0/zt1): 3.072
→ Recommended risk_scale to equalize: 0.325

=== Robust range (1st-99th percentile) ===
zt[0]: [-95.028, 235.253]
zt[1]: [-109.738, -1.843]

Recommended risk_scale: 3.061

✓ Updated normalization_data/data.pickle with Portfolio entry:
  min = [array([ -95.02824574, -109.7377326 ])]
  max = [array([235.25345109,  -1.84344105])]

Done. Use --portfolio_risk_scale 3.06 in training command.
