pybullet build time: Oct 14 2023 15:59:43
Traceback (most recent call last):
  File "/Users/jungwoo.hong/Documents/DPMORL/DPMORL/main_policy.py", line 523, in <module>
    policy.learn(total_timesteps=total_steps, callback=return_logger, progress_bar=True)
  File "/Users/jungwoo.hong/miniconda3/envs/dpmorl/lib/python3.8/site-packages/stable_baselines3/ppo/ppo.py", line 308, in learn
    return super().learn(
  File "/Users/jungwoo.hong/miniconda3/envs/dpmorl/lib/python3.8/site-packages/stable_baselines3/common/on_policy_algorithm.py", line 271, in learn
    self.train()
  File "/Users/jungwoo.hong/miniconda3/envs/dpmorl/lib/python3.8/site-packages/stable_baselines3/ppo/ppo.py", line 210, in train
    values, log_prob, entropy = self.policy.evaluate_actions(rollout_data.observations, actions)
  File "/Users/jungwoo.hong/miniconda3/envs/dpmorl/lib/python3.8/site-packages/stable_baselines3/common/policies.py", line 696, in evaluate_actions
    distribution = self._get_action_dist_from_latent(latent_pi)
  File "/Users/jungwoo.hong/miniconda3/envs/dpmorl/lib/python3.8/site-packages/stable_baselines3/common/policies.py", line 653, in _get_action_dist_from_latent
    return self.action_dist.proba_distribution(mean_actions, self.log_std)
  File "/Users/jungwoo.hong/miniconda3/envs/dpmorl/lib/python3.8/site-packages/stable_baselines3/common/distributions.py", line 164, in proba_distribution
    self.distribution = Normal(mean_actions, action_std)
  File "/Users/jungwoo.hong/miniconda3/envs/dpmorl/lib/python3.8/site-packages/torch/distributions/normal.py", line 56, in __init__
    super().__init__(batch_shape, validate_args=validate_args)
  File "/Users/jungwoo.hong/miniconda3/envs/dpmorl/lib/python3.8/site-packages/torch/distributions/distribution.py", line 68, in __init__
    raise ValueError(
ValueError: Expected parameter loc (Tensor of shape (64, 20)) of distribution Normal(loc: torch.Size([64, 20]), scale: torch.Size([64, 20])) to satisfy the constraint Real(), but found invalid values:
tensor([[nan, nan, nan,  ..., nan, nan, nan],
        [nan, nan, nan,  ..., nan, nan, nan],
        [nan, nan, nan,  ..., nan, nan, nan],
        ...,
        [nan, nan, nan,  ..., nan, nan, nan],
        [nan, nan, nan,  ..., nan, nan, nan],
        [nan, nan, nan,  ..., nan, nan, nan]], grad_fn=<AddmmBackward0>)
ERROR conda.cli.main_run:execute(142): `conda run python -u /Users/jungwoo.hong/Documents/DPMORL/DPMORL/main_policy.py --env Portfolio --reward_two_dim --exp_name dpmorl_portfolio_expanded_v1 --max_num_policies 8 --total_timesteps 100000 --num_envs 4 --portfolio_data_dir /Users/jungwoo.hong/Documents/DPMORL/DPMORL/data/portfolio_expanded/train --portfolio_rebalance_every 5 --portfolio_max_trajectory_len 252 --portfolio_lookback 20 --portfolio_risk_scale 1.0` failed. (See above for error)
CUDA is not available. Falling back to CPU.
env: Portfolio, env reward dim: 2
reward_dim_indices = [0, 1], reward_shape = 2
num_total_policies = 8
normalization data: None
Using cpu device
Training policy 1 with 100000.0 steps...
---------------------------------
| rollout/           |          |
|    ep_len_mean     | 205      |
|    ep_rew_mean     | -4.88    |
| time/              |          |
|    fps             | 641      |
|    iterations      | 1        |
|    time_elapsed    | 12       |
|    total_timesteps | 8192     |
---------------------------------
CUDA is not available. Falling back to CPU.
env: Portfolio, env reward dim: 2
reward_dim_indices = [0, 1], reward_shape = 2
num_total_policies = 8
normalization data: None
Using cpu device
Training policy 1 with 100000.0 steps...
---------------------------------
| rollout/           |          |
|    ep_len_mean     | 205      |
|    ep_rew_mean     | -4.91    |
| time/              |          |
|    fps             | 658      |
|    iterations      | 1        |
|    time_elapsed    | 12       |
|    total_timesteps | 8192     |
---------------------------------
