%H:%M:%S) ====="; ps -ef | grep "main_policy.py" | grep "dpmorl_portfolio_20utils" | grep -v grep || echo "portfolio training process: not running"; echo -n "artifact_count="; find experiments/dpmorl_portfolio_20utils -type f 2>/dev/null | wc -l; echo -n "tmux_session="; conda run -n dpmorl tmux ls 2>/dev/null | grep dpmorl_portfolio_dpmorl20 || echo "missing"; echo; sleep 120; done: -c: line 0: unexpected EOF while looking for matching `)'
%H:%M:%S) ====="; ps -ef | grep "main_policy.py" | grep "dpmorl_portfolio_20utils" | grep -v grep || echo "portfolio training process: not running"; echo -n "artifact_count="; find experiments/dpmorl_portfolio_20utils -type f 2>/dev/null | wc -l; echo -n "tmux_session="; conda run -n dpmorl tmux ls 2>/dev/null | grep dpmorl_portfolio_dpmorl20 || echo "missing"; echo; sleep 120; done: -c: line 1: syntax error: unexpected end of file
===== 2026-03-13 13:10:06 =====
  501 95260 95255   0  1:00PM ttys029    0:00.48 /Users/jungwoo.hong/miniconda3/bin/python /Users/jungwoo.hong/miniconda3/condabin/conda run -n dpmorl python -u /Users/jungwoo.hong/Documents/DPMORL/DPMORL/main_policy.py --env Portfolio --reward_two_dim --lamda 0.1 --exp_name dpmorl_portfolio_20utils --max_num_policies 20 --pretrained_only True --num_pretrained_to_use 20 --total_timesteps 10000000 --num_envs 20 --portfolio_data_dir /Users/jungwoo.hong/Documents/DPMORL/DPMORL/data/portfolio_expanded/train --portfolio_rebalance_every 5 --portfolio_max_trajectory_len 252 --portfolio_lookback 20 --portfolio_risk_scale 1.0
  501 95320 95313   0  1:00PM ttys029   82:48.80 python -u /Users/jungwoo.hong/Documents/DPMORL/DPMORL/main_policy.py --env Portfolio --reward_two_dim --lamda 0.1 --exp_name dpmorl_portfolio_20utils --max_num_policies 20 --pretrained_only True --num_pretrained_to_use 20 --total_timesteps 10000000 --num_envs 20 --portfolio_data_dir /Users/jungwoo.hong/Documents/DPMORL/DPMORL/data/portfolio_expanded/train --portfolio_rebalance_every 5 --portfolio_max_trajectory_len 252 --portfolio_lookback 20 --portfolio_risk_scale 1.0
artifact_count=       0
tmux_session=dpmorl_portfolio_dpmorl20: 1 windows (created Fri Mar 13 13:00:15 2026)

===== 2026-03-13 13:12:08 =====
  501 95260 95255   0  1:00PM ttys029    0:00.48 /Users/jungwoo.hong/miniconda3/bin/python /Users/jungwoo.hong/miniconda3/condabin/conda run -n dpmorl python -u /Users/jungwoo.hong/Documents/DPMORL/DPMORL/main_policy.py --env Portfolio --reward_two_dim --lamda 0.1 --exp_name dpmorl_portfolio_20utils --max_num_policies 20 --pretrained_only True --num_pretrained_to_use 20 --total_timesteps 10000000 --num_envs 20 --portfolio_data_dir /Users/jungwoo.hong/Documents/DPMORL/DPMORL/data/portfolio_expanded/train --portfolio_rebalance_every 5 --portfolio_max_trajectory_len 252 --portfolio_lookback 20 --portfolio_risk_scale 1.0
  501 95320 95313   0  1:00PM ttys029   99:50.88 python -u /Users/jungwoo.hong/Documents/DPMORL/DPMORL/main_policy.py --env Portfolio --reward_two_dim --lamda 0.1 --exp_name dpmorl_portfolio_20utils --max_num_policies 20 --pretrained_only True --num_pretrained_to_use 20 --total_timesteps 10000000 --num_envs 20 --portfolio_data_dir /Users/jungwoo.hong/Documents/DPMORL/DPMORL/data/portfolio_expanded/train --portfolio_rebalance_every 5 --portfolio_max_trajectory_len 252 --portfolio_lookback 20 --portfolio_risk_scale 1.0
artifact_count=       0
tmux_session=dpmorl_portfolio_dpmorl20: 1 windows (created Fri Mar 13 13:00:15 2026)

===== 2026-03-13 13:14:10 =====
  501 95260 95255   0  1:00PM ttys029    0:00.48 /Users/jungwoo.hong/miniconda3/bin/python /Users/jungwoo.hong/miniconda3/condabin/conda run -n dpmorl python -u /Users/jungwoo.hong/Documents/DPMORL/DPMORL/main_policy.py --env Portfolio --reward_two_dim --lamda 0.1 --exp_name dpmorl_portfolio_20utils --max_num_policies 20 --pretrained_only True --num_pretrained_to_use 20 --total_timesteps 10000000 --num_envs 20 --portfolio_data_dir /Users/jungwoo.hong/Documents/DPMORL/DPMORL/data/portfolio_expanded/train --portfolio_rebalance_every 5 --portfolio_max_trajectory_len 252 --portfolio_lookback 20 --portfolio_risk_scale 1.0
  501 95320 95313   0  1:00PM ttys029  117:13.49 python -u /Users/jungwoo.hong/Documents/DPMORL/DPMORL/main_policy.py --env Portfolio --reward_two_dim --lamda 0.1 --exp_name dpmorl_portfolio_20utils --max_num_policies 20 --pretrained_only True --num_pretrained_to_use 20 --total_timesteps 10000000 --num_envs 20 --portfolio_data_dir /Users/jungwoo.hong/Documents/DPMORL/DPMORL/data/portfolio_expanded/train --portfolio_rebalance_every 5 --portfolio_max_trajectory_len 252 --portfolio_lookback 20 --portfolio_risk_scale 1.0
artifact_count=       0
tmux_session=dpmorl_portfolio_dpmorl20: 1 windows (created Fri Mar 13 13:00:15 2026)

===== 2026-03-13 13:16:17 =====
  501 95260 95255   0  1:00PM ttys029    0:00.48 /Users/jungwoo.hong/miniconda3/bin/python /Users/jungwoo.hong/miniconda3/condabin/conda run -n dpmorl python -u /Users/jungwoo.hong/Documents/DPMORL/DPMORL/main_policy.py --env Portfolio --reward_two_dim --lamda 0.1 --exp_name dpmorl_portfolio_20utils --max_num_policies 20 --pretrained_only True --num_pretrained_to_use 20 --total_timesteps 10000000 --num_envs 20 --portfolio_data_dir /Users/jungwoo.hong/Documents/DPMORL/DPMORL/data/portfolio_expanded/train --portfolio_rebalance_every 5 --portfolio_max_trajectory_len 252 --portfolio_lookback 20 --portfolio_risk_scale 1.0
  501 95320 95313   0  1:00PM ttys029  135:28.57 python -u /Users/jungwoo.hong/Documents/DPMORL/DPMORL/main_policy.py --env Portfolio --reward_two_dim --lamda 0.1 --exp_name dpmorl_portfolio_20utils --max_num_policies 20 --pretrained_only True --num_pretrained_to_use 20 --total_timesteps 10000000 --num_envs 20 --portfolio_data_dir /Users/jungwoo.hong/Documents/DPMORL/DPMORL/data/portfolio_expanded/train --portfolio_rebalance_every 5 --portfolio_max_trajectory_len 252 --portfolio_lookback 20 --portfolio_risk_scale 1.0
artifact_count=       0
tmux_session=dpmorl_portfolio_dpmorl20: 1 windows (created Fri Mar 13 13:00:15 2026)

===== 2026-03-13 13:18:20 =====
  501 95260 95255   0  1:00PM ttys029    0:00.48 /Users/jungwoo.hong/miniconda3/bin/python /Users/jungwoo.hong/miniconda3/condabin/conda run -n dpmorl python -u /Users/jungwoo.hong/Documents/DPMORL/DPMORL/main_policy.py --env Portfolio --reward_two_dim --lamda 0.1 --exp_name dpmorl_portfolio_20utils --max_num_policies 20 --pretrained_only True --num_pretrained_to_use 20 --total_timesteps 10000000 --num_envs 20 --portfolio_data_dir /Users/jungwoo.hong/Documents/DPMORL/DPMORL/data/portfolio_expanded/train --portfolio_rebalance_every 5 --portfolio_max_trajectory_len 252 --portfolio_lookback 20 --portfolio_risk_scale 1.0
  501 95320 95313   0  1:00PM ttys029  153:39.76 python -u /Users/jungwoo.hong/Documents/DPMORL/DPMORL/main_policy.py --env Portfolio --reward_two_dim --lamda 0.1 --exp_name dpmorl_portfolio_20utils --max_num_policies 20 --pretrained_only True --num_pretrained_to_use 20 --total_timesteps 10000000 --num_envs 20 --portfolio_data_dir /Users/jungwoo.hong/Documents/DPMORL/DPMORL/data/portfolio_expanded/train --portfolio_rebalance_every 5 --portfolio_max_trajectory_len 252 --portfolio_lookback 20 --portfolio_risk_scale 1.0
artifact_count=       0
tmux_session=dpmorl_portfolio_dpmorl20: 1 windows (created Fri Mar 13 13:00:15 2026)

===== 2026-03-13 13:20:22 =====
  501 95260 95255   0  1:00PM ttys029    0:00.48 /Users/jungwoo.hong/miniconda3/bin/python /Users/jungwoo.hong/miniconda3/condabin/conda run -n dpmorl python -u /Users/jungwoo.hong/Documents/DPMORL/DPMORL/main_policy.py --env Portfolio --reward_two_dim --lamda 0.1 --exp_name dpmorl_portfolio_20utils --max_num_policies 20 --pretrained_only True --num_pretrained_to_use 20 --total_timesteps 10000000 --num_envs 20 --portfolio_data_dir /Users/jungwoo.hong/Documents/DPMORL/DPMORL/data/portfolio_expanded/train --portfolio_rebalance_every 5 --portfolio_max_trajectory_len 252 --portfolio_lookback 20 --portfolio_risk_scale 1.0
  501 95320 95313   0  1:00PM ttys029  171:04.30 python -u /Users/jungwoo.hong/Documents/DPMORL/DPMORL/main_policy.py --env Portfolio --reward_two_dim --lamda 0.1 --exp_name dpmorl_portfolio_20utils --max_num_policies 20 --pretrained_only True --num_pretrained_to_use 20 --total_timesteps 10000000 --num_envs 20 --portfolio_data_dir /Users/jungwoo.hong/Documents/DPMORL/DPMORL/data/portfolio_expanded/train --portfolio_rebalance_every 5 --portfolio_max_trajectory_len 252 --portfolio_lookback 20 --portfolio_risk_scale 1.0
artifact_count=       0
tmux_session=dpmorl_portfolio_dpmorl20: 1 windows (created Fri Mar 13 13:00:15 2026)

===== 2026-03-13 13:22:25 =====
  501 95260 95255   0  1:00PM ttys029    0:00.49 /Users/jungwoo.hong/miniconda3/bin/python /Users/jungwoo.hong/miniconda3/condabin/conda run -n dpmorl python -u /Users/jungwoo.hong/Documents/DPMORL/DPMORL/main_policy.py --env Portfolio --reward_two_dim --lamda 0.1 --exp_name dpmorl_portfolio_20utils --max_num_policies 20 --pretrained_only True --num_pretrained_to_use 20 --total_timesteps 10000000 --num_envs 20 --portfolio_data_dir /Users/jungwoo.hong/Documents/DPMORL/DPMORL/data/portfolio_expanded/train --portfolio_rebalance_every 5 --portfolio_max_trajectory_len 252 --portfolio_lookback 20 --portfolio_risk_scale 1.0
  501 95320 95313   0  1:00PM ttys029  187:56.04 python -u /Users/jungwoo.hong/Documents/DPMORL/DPMORL/main_policy.py --env Portfolio --reward_two_dim --lamda 0.1 --exp_name dpmorl_portfolio_20utils --max_num_policies 20 --pretrained_only True --num_pretrained_to_use 20 --total_timesteps 10000000 --num_envs 20 --portfolio_data_dir /Users/jungwoo.hong/Documents/DPMORL/DPMORL/data/portfolio_expanded/train --portfolio_rebalance_every 5 --portfolio_max_trajectory_len 252 --portfolio_lookback 20 --portfolio_risk_scale 1.0
artifact_count=       0
tmux_session=dpmorl_portfolio_dpmorl20: 1 windows (created Fri Mar 13 13:00:15 2026)

===== 2026-03-13 13:24:27 =====
  501 95260 95255   0  1:00PM ttys029    0:00.49 /Users/jungwoo.hong/miniconda3/bin/python /Users/jungwoo.hong/miniconda3/condabin/conda run -n dpmorl python -u /Users/jungwoo.hong/Documents/DPMORL/DPMORL/main_policy.py --env Portfolio --reward_two_dim --lamda 0.1 --exp_name dpmorl_portfolio_20utils --max_num_policies 20 --pretrained_only True --num_pretrained_to_use 20 --total_timesteps 10000000 --num_envs 20 --portfolio_data_dir /Users/jungwoo.hong/Documents/DPMORL/DPMORL/data/portfolio_expanded/train --portfolio_rebalance_every 5 --portfolio_max_trajectory_len 252 --portfolio_lookback 20 --portfolio_risk_scale 1.0
  501 95320 95313   0  1:00PM ttys029  203:56.67 python -u /Users/jungwoo.hong/Documents/DPMORL/DPMORL/main_policy.py --env Portfolio --reward_two_dim --lamda 0.1 --exp_name dpmorl_portfolio_20utils --max_num_policies 20 --pretrained_only True --num_pretrained_to_use 20 --total_timesteps 10000000 --num_envs 20 --portfolio_data_dir /Users/jungwoo.hong/Documents/DPMORL/DPMORL/data/portfolio_expanded/train --portfolio_rebalance_every 5 --portfolio_max_trajectory_len 252 --portfolio_lookback 20 --portfolio_risk_scale 1.0
artifact_count=       0
tmux_session=dpmorl_portfolio_dpmorl20: 1 windows (created Fri Mar 13 13:00:15 2026)

===== 2026-03-13 13:26:29 =====
  501 95260 95255   0  1:00PM ttys029    0:00.49 /Users/jungwoo.hong/miniconda3/bin/python /Users/jungwoo.hong/miniconda3/condabin/conda run -n dpmorl python -u /Users/jungwoo.hong/Documents/DPMORL/DPMORL/main_policy.py --env Portfolio --reward_two_dim --lamda 0.1 --exp_name dpmorl_portfolio_20utils --max_num_policies 20 --pretrained_only True --num_pretrained_to_use 20 --total_timesteps 10000000 --num_envs 20 --portfolio_data_dir /Users/jungwoo.hong/Documents/DPMORL/DPMORL/data/portfolio_expanded/train --portfolio_rebalance_every 5 --portfolio_max_trajectory_len 252 --portfolio_lookback 20 --portfolio_risk_scale 1.0
  501 95320 95313   0  1:00PM ttys029  219:38.89 python -u /Users/jungwoo.hong/Documents/DPMORL/DPMORL/main_policy.py --env Portfolio --reward_two_dim --lamda 0.1 --exp_name dpmorl_portfolio_20utils --max_num_policies 20 --pretrained_only True --num_pretrained_to_use 20 --total_timesteps 10000000 --num_envs 20 --portfolio_data_dir /Users/jungwoo.hong/Documents/DPMORL/DPMORL/data/portfolio_expanded/train --portfolio_rebalance_every 5 --portfolio_max_trajectory_len 252 --portfolio_lookback 20 --portfolio_risk_scale 1.0
artifact_count=       0
tmux_session=dpmorl_portfolio_dpmorl20: 1 windows (created Fri Mar 13 13:00:15 2026)

===== 2026-03-13 13:28:31 =====
  501 95260 95255   0  1:00PM ttys029    0:00.50 /Users/jungwoo.hong/miniconda3/bin/python /Users/jungwoo.hong/miniconda3/condabin/conda run -n dpmorl python -u /Users/jungwoo.hong/Documents/DPMORL/DPMORL/main_policy.py --env Portfolio --reward_two_dim --lamda 0.1 --exp_name dpmorl_portfolio_20utils --max_num_policies 20 --pretrained_only True --num_pretrained_to_use 20 --total_timesteps 10000000 --num_envs 20 --portfolio_data_dir /Users/jungwoo.hong/Documents/DPMORL/DPMORL/data/portfolio_expanded/train --portfolio_rebalance_every 5 --portfolio_max_trajectory_len 252 --portfolio_lookback 20 --portfolio_risk_scale 1.0
  501 95320 95313   0  1:00PM ttys029  235:54.55 python -u /Users/jungwoo.hong/Documents/DPMORL/DPMORL/main_policy.py --env Portfolio --reward_two_dim --lamda 0.1 --exp_name dpmorl_portfolio_20utils --max_num_policies 20 --pretrained_only True --num_pretrained_to_use 20 --total_timesteps 10000000 --num_envs 20 --portfolio_data_dir /Users/jungwoo.hong/Documents/DPMORL/DPMORL/data/portfolio_expanded/train --portfolio_rebalance_every 5 --portfolio_max_trajectory_len 252 --portfolio_lookback 20 --portfolio_risk_scale 1.0
artifact_count=       0
tmux_session=dpmorl_portfolio_dpmorl20: 1 windows (created Fri Mar 13 13:00:15 2026)

===== 2026-03-13 13:30:33 =====
  501 95260 95255   0  1:00PM ttys029    0:00.50 /Users/jungwoo.hong/miniconda3/bin/python /Users/jungwoo.hong/miniconda3/condabin/conda run -n dpmorl python -u /Users/jungwoo.hong/Documents/DPMORL/DPMORL/main_policy.py --env Portfolio --reward_two_dim --lamda 0.1 --exp_name dpmorl_portfolio_20utils --max_num_policies 20 --pretrained_only True --num_pretrained_to_use 20 --total_timesteps 10000000 --num_envs 20 --portfolio_data_dir /Users/jungwoo.hong/Documents/DPMORL/DPMORL/data/portfolio_expanded/train --portfolio_rebalance_every 5 --portfolio_max_trajectory_len 252 --portfolio_lookback 20 --portfolio_risk_scale 1.0
  501 95320 95313   0  1:00PM ttys029  252:43.53 python -u /Users/jungwoo.hong/Documents/DPMORL/DPMORL/main_policy.py --env Portfolio --reward_two_dim --lamda 0.1 --exp_name dpmorl_portfolio_20utils --max_num_policies 20 --pretrained_only True --num_pretrained_to_use 20 --total_timesteps 10000000 --num_envs 20 --portfolio_data_dir /Users/jungwoo.hong/Documents/DPMORL/DPMORL/data/portfolio_expanded/train --portfolio_rebalance_every 5 --portfolio_max_trajectory_len 252 --portfolio_lookback 20 --portfolio_risk_scale 1.0
artifact_count=       0
tmux_session=dpmorl_portfolio_dpmorl20: 1 windows (created Fri Mar 13 13:00:15 2026)

===== 2026-03-13 13:32:35 =====
  501 95260 95255   0  1:00PM ttys029    0:00.50 /Users/jungwoo.hong/miniconda3/bin/python /Users/jungwoo.hong/miniconda3/condabin/conda run -n dpmorl python -u /Users/jungwoo.hong/Documents/DPMORL/DPMORL/main_policy.py --env Portfolio --reward_two_dim --lamda 0.1 --exp_name dpmorl_portfolio_20utils --max_num_policies 20 --pretrained_only True --num_pretrained_to_use 20 --total_timesteps 10000000 --num_envs 20 --portfolio_data_dir /Users/jungwoo.hong/Documents/DPMORL/DPMORL/data/portfolio_expanded/train --portfolio_rebalance_every 5 --portfolio_max_trajectory_len 252 --portfolio_lookback 20 --portfolio_risk_scale 1.0
  501 95320 95313   0  1:00PM ttys029  268:23.90 python -u /Users/jungwoo.hong/Documents/DPMORL/DPMORL/main_policy.py --env Portfolio --reward_two_dim --lamda 0.1 --exp_name dpmorl_portfolio_20utils --max_num_policies 20 --pretrained_only True --num_pretrained_to_use 20 --total_timesteps 10000000 --num_envs 20 --portfolio_data_dir /Users/jungwoo.hong/Documents/DPMORL/DPMORL/data/portfolio_expanded/train --portfolio_rebalance_every 5 --portfolio_max_trajectory_len 252 --portfolio_lookback 20 --portfolio_risk_scale 1.0
artifact_count=       0
tmux_session=dpmorl_portfolio_dpmorl20: 1 windows (created Fri Mar 13 13:00:15 2026)

===== 2026-03-13 13:34:38 =====
  501 95260 95255   0  1:00PM ttys029    0:00.50 /Users/jungwoo.hong/miniconda3/bin/python /Users/jungwoo.hong/miniconda3/condabin/conda run -n dpmorl python -u /Users/jungwoo.hong/Documents/DPMORL/DPMORL/main_policy.py --env Portfolio --reward_two_dim --lamda 0.1 --exp_name dpmorl_portfolio_20utils --max_num_policies 20 --pretrained_only True --num_pretrained_to_use 20 --total_timesteps 10000000 --num_envs 20 --portfolio_data_dir /Users/jungwoo.hong/Documents/DPMORL/DPMORL/data/portfolio_expanded/train --portfolio_rebalance_every 5 --portfolio_max_trajectory_len 252 --portfolio_lookback 20 --portfolio_risk_scale 1.0
  501 95320 95313   0  1:00PM ttys029  285:42.32 python -u /Users/jungwoo.hong/Documents/DPMORL/DPMORL/main_policy.py --env Portfolio --reward_two_dim --lamda 0.1 --exp_name dpmorl_portfolio_20utils --max_num_policies 20 --pretrained_only True --num_pretrained_to_use 20 --total_timesteps 10000000 --num_envs 20 --portfolio_data_dir /Users/jungwoo.hong/Documents/DPMORL/DPMORL/data/portfolio_expanded/train --portfolio_rebalance_every 5 --portfolio_max_trajectory_len 252 --portfolio_lookback 20 --portfolio_risk_scale 1.0
artifact_count=       0
tmux_session=dpmorl_portfolio_dpmorl20: 1 windows (created Fri Mar 13 13:00:15 2026)

===== 2026-03-13 13:36:40 =====
  501 95260 95255   0  1:00PM ttys029    0:00.50 /Users/jungwoo.hong/miniconda3/bin/python /Users/jungwoo.hong/miniconda3/condabin/conda run -n dpmorl python -u /Users/jungwoo.hong/Documents/DPMORL/DPMORL/main_policy.py --env Portfolio --reward_two_dim --lamda 0.1 --exp_name dpmorl_portfolio_20utils --max_num_policies 20 --pretrained_only True --num_pretrained_to_use 20 --total_timesteps 10000000 --num_envs 20 --portfolio_data_dir /Users/jungwoo.hong/Documents/DPMORL/DPMORL/data/portfolio_expanded/train --portfolio_rebalance_every 5 --portfolio_max_trajectory_len 252 --portfolio_lookback 20 --portfolio_risk_scale 1.0
  501 95320 95313   0  1:00PM ttys029  302:05.53 python -u /Users/jungwoo.hong/Documents/DPMORL/DPMORL/main_policy.py --env Portfolio --reward_two_dim --lamda 0.1 --exp_name dpmorl_portfolio_20utils --max_num_policies 20 --pretrained_only True --num_pretrained_to_use 20 --total_timesteps 10000000 --num_envs 20 --portfolio_data_dir /Users/jungwoo.hong/Documents/DPMORL/DPMORL/data/portfolio_expanded/train --portfolio_rebalance_every 5 --portfolio_max_trajectory_len 252 --portfolio_lookback 20 --portfolio_risk_scale 1.0
artifact_count=       0
tmux_session=dpmorl_portfolio_dpmorl20: 1 windows (created Fri Mar 13 13:00:15 2026)

===== 2026-03-13 13:38:42 =====
  501 95260 95255   0  1:00PM ttys029    0:00.51 /Users/jungwoo.hong/miniconda3/bin/python /Users/jungwoo.hong/miniconda3/condabin/conda run -n dpmorl python -u /Users/jungwoo.hong/Documents/DPMORL/DPMORL/main_policy.py --env Portfolio --reward_two_dim --lamda 0.1 --exp_name dpmorl_portfolio_20utils --max_num_policies 20 --pretrained_only True --num_pretrained_to_use 20 --total_timesteps 10000000 --num_envs 20 --portfolio_data_dir /Users/jungwoo.hong/Documents/DPMORL/DPMORL/data/portfolio_expanded/train --portfolio_rebalance_every 5 --portfolio_max_trajectory_len 252 --portfolio_lookback 20 --portfolio_risk_scale 1.0
  501 95320 95313   0  1:00PM ttys029  318:38.40 python -u /Users/jungwoo.hong/Documents/DPMORL/DPMORL/main_policy.py --env Portfolio --reward_two_dim --lamda 0.1 --exp_name dpmorl_portfolio_20utils --max_num_policies 20 --pretrained_only True --num_pretrained_to_use 20 --total_timesteps 10000000 --num_envs 20 --portfolio_data_dir /Users/jungwoo.hong/Documents/DPMORL/DPMORL/data/portfolio_expanded/train --portfolio_rebalance_every 5 --portfolio_max_trajectory_len 252 --portfolio_lookback 20 --portfolio_risk_scale 1.0
artifact_count=       0
tmux_session=dpmorl_portfolio_dpmorl20: 1 windows (created Fri Mar 13 13:00:15 2026)

===== 2026-03-13 13:40:45 =====
  501 95260 95255   0  1:00PM ttys029    0:00.51 /Users/jungwoo.hong/miniconda3/bin/python /Users/jungwoo.hong/miniconda3/condabin/conda run -n dpmorl python -u /Users/jungwoo.hong/Documents/DPMORL/DPMORL/main_policy.py --env Portfolio --reward_two_dim --lamda 0.1 --exp_name dpmorl_portfolio_20utils --max_num_policies 20 --pretrained_only True --num_pretrained_to_use 20 --total_timesteps 10000000 --num_envs 20 --portfolio_data_dir /Users/jungwoo.hong/Documents/DPMORL/DPMORL/data/portfolio_expanded/train --portfolio_rebalance_every 5 --portfolio_max_trajectory_len 252 --portfolio_lookback 20 --portfolio_risk_scale 1.0
  501 95320 95313   0  1:00PM ttys029  335:56.09 python -u /Users/jungwoo.hong/Documents/DPMORL/DPMORL/main_policy.py --env Portfolio --reward_two_dim --lamda 0.1 --exp_name dpmorl_portfolio_20utils --max_num_policies 20 --pretrained_only True --num_pretrained_to_use 20 --total_timesteps 10000000 --num_envs 20 --portfolio_data_dir /Users/jungwoo.hong/Documents/DPMORL/DPMORL/data/portfolio_expanded/train --portfolio_rebalance_every 5 --portfolio_max_trajectory_len 252 --portfolio_lookback 20 --portfolio_risk_scale 1.0
artifact_count=       0
tmux_session=dpmorl_portfolio_dpmorl20: 1 windows (created Fri Mar 13 13:00:15 2026)

===== 2026-03-13 13:42:47 =====
  501 95260 95255   0  1:00PM ttys029    0:00.51 /Users/jungwoo.hong/miniconda3/bin/python /Users/jungwoo.hong/miniconda3/condabin/conda run -n dpmorl python -u /Users/jungwoo.hong/Documents/DPMORL/DPMORL/main_policy.py --env Portfolio --reward_two_dim --lamda 0.1 --exp_name dpmorl_portfolio_20utils --max_num_policies 20 --pretrained_only True --num_pretrained_to_use 20 --total_timesteps 10000000 --num_envs 20 --portfolio_data_dir /Users/jungwoo.hong/Documents/DPMORL/DPMORL/data/portfolio_expanded/train --portfolio_rebalance_every 5 --portfolio_max_trajectory_len 252 --portfolio_lookback 20 --portfolio_risk_scale 1.0
  501 95320 95313   0  1:00PM ttys029  352:48.09 python -u /Users/jungwoo.hong/Documents/DPMORL/DPMORL/main_policy.py --env Portfolio --reward_two_dim --lamda 0.1 --exp_name dpmorl_portfolio_20utils --max_num_policies 20 --pretrained_only True --num_pretrained_to_use 20 --total_timesteps 10000000 --num_envs 20 --portfolio_data_dir /Users/jungwoo.hong/Documents/DPMORL/DPMORL/data/portfolio_expanded/train --portfolio_rebalance_every 5 --portfolio_max_trajectory_len 252 --portfolio_lookback 20 --portfolio_risk_scale 1.0
artifact_count=       0
tmux_session=dpmorl_portfolio_dpmorl20: 1 windows (created Fri Mar 13 13:00:15 2026)

===== 2026-03-13 13:44:49 =====
  501 95260 95255   0  1:00PM ttys029    0:00.51 /Users/jungwoo.hong/miniconda3/bin/python /Users/jungwoo.hong/miniconda3/condabin/conda run -n dpmorl python -u /Users/jungwoo.hong/Documents/DPMORL/DPMORL/main_policy.py --env Portfolio --reward_two_dim --lamda 0.1 --exp_name dpmorl_portfolio_20utils --max_num_policies 20 --pretrained_only True --num_pretrained_to_use 20 --total_timesteps 10000000 --num_envs 20 --portfolio_data_dir /Users/jungwoo.hong/Documents/DPMORL/DPMORL/data/portfolio_expanded/train --portfolio_rebalance_every 5 --portfolio_max_trajectory_len 252 --portfolio_lookback 20 --portfolio_risk_scale 1.0
  501 95320 95313   0  1:00PM ttys029  369:42.93 python -u /Users/jungwoo.hong/Documents/DPMORL/DPMORL/main_policy.py --env Portfolio --reward_two_dim --lamda 0.1 --exp_name dpmorl_portfolio_20utils --max_num_policies 20 --pretrained_only True --num_pretrained_to_use 20 --total_timesteps 10000000 --num_envs 20 --portfolio_data_dir /Users/jungwoo.hong/Documents/DPMORL/DPMORL/data/portfolio_expanded/train --portfolio_rebalance_every 5 --portfolio_max_trajectory_len 252 --portfolio_lookback 20 --portfolio_risk_scale 1.0
artifact_count=       0
tmux_session=dpmorl_portfolio_dpmorl20: 1 windows (created Fri Mar 13 13:00:15 2026)

===== 2026-03-13 13:46:51 =====
  501 95260 95255   0  1:00PM ttys029    0:00.52 /Users/jungwoo.hong/miniconda3/bin/python /Users/jungwoo.hong/miniconda3/condabin/conda run -n dpmorl python -u /Users/jungwoo.hong/Documents/DPMORL/DPMORL/main_policy.py --env Portfolio --reward_two_dim --lamda 0.1 --exp_name dpmorl_portfolio_20utils --max_num_policies 20 --pretrained_only True --num_pretrained_to_use 20 --total_timesteps 10000000 --num_envs 20 --portfolio_data_dir /Users/jungwoo.hong/Documents/DPMORL/DPMORL/data/portfolio_expanded/train --portfolio_rebalance_every 5 --portfolio_max_trajectory_len 252 --portfolio_lookback 20 --portfolio_risk_scale 1.0
  501 95320 95313   0  1:00PM ttys029  386:25.14 python -u /Users/jungwoo.hong/Documents/DPMORL/DPMORL/main_policy.py --env Portfolio --reward_two_dim --lamda 0.1 --exp_name dpmorl_portfolio_20utils --max_num_policies 20 --pretrained_only True --num_pretrained_to_use 20 --total_timesteps 10000000 --num_envs 20 --portfolio_data_dir /Users/jungwoo.hong/Documents/DPMORL/DPMORL/data/portfolio_expanded/train --portfolio_rebalance_every 5 --portfolio_max_trajectory_len 252 --portfolio_lookback 20 --portfolio_risk_scale 1.0
artifact_count=       0
tmux_session=dpmorl_portfolio_dpmorl20: 1 windows (created Fri Mar 13 13:00:15 2026)

===== 2026-03-13 13:56:54 =====
  501 95260 95255   0  1:00PM ttys029    0:00.52 /Users/jungwoo.hong/miniconda3/bin/python /Users/jungwoo.hong/miniconda3/condabin/conda run -n dpmorl python -u /Users/jungwoo.hong/Documents/DPMORL/DPMORL/main_policy.py --env Portfolio --reward_two_dim --lamda 0.1 --exp_name dpmorl_portfolio_20utils --max_num_policies 20 --pretrained_only True --num_pretrained_to_use 20 --total_timesteps 10000000 --num_envs 20 --portfolio_data_dir /Users/jungwoo.hong/Documents/DPMORL/DPMORL/data/portfolio_expanded/train --portfolio_rebalance_every 5 --portfolio_max_trajectory_len 252 --portfolio_lookback 20 --portfolio_risk_scale 1.0
  501 95320 95313   0  1:00PM ttys029  401:26.82 python -u /Users/jungwoo.hong/Documents/DPMORL/DPMORL/main_policy.py --env Portfolio --reward_two_dim --lamda 0.1 --exp_name dpmorl_portfolio_20utils --max_num_policies 20 --pretrained_only True --num_pretrained_to_use 20 --total_timesteps 10000000 --num_envs 20 --portfolio_data_dir /Users/jungwoo.hong/Documents/DPMORL/DPMORL/data/portfolio_expanded/train --portfolio_rebalance_every 5 --portfolio_max_trajectory_len 252 --portfolio_lookback 20 --portfolio_risk_scale 1.0
artifact_count=       0
tmux_session=dpmorl_portfolio_dpmorl20: 1 windows (created Fri Mar 13 13:00:15 2026)

===== 2026-03-13 13:58:56 =====
  501 95260 95255   0  1:00PM ttys029    0:00.52 /Users/jungwoo.hong/miniconda3/bin/python /Users/jungwoo.hong/miniconda3/condabin/conda run -n dpmorl python -u /Users/jungwoo.hong/Documents/DPMORL/DPMORL/main_policy.py --env Portfolio --reward_two_dim --lamda 0.1 --exp_name dpmorl_portfolio_20utils --max_num_policies 20 --pretrained_only True --num_pretrained_to_use 20 --total_timesteps 10000000 --num_envs 20 --portfolio_data_dir /Users/jungwoo.hong/Documents/DPMORL/DPMORL/data/portfolio_expanded/train --portfolio_rebalance_every 5 --portfolio_max_trajectory_len 252 --portfolio_lookback 20 --portfolio_risk_scale 1.0
  501 95320 95313   0  1:00PM ttys029  417:43.40 python -u /Users/jungwoo.hong/Documents/DPMORL/DPMORL/main_policy.py --env Portfolio --reward_two_dim --lamda 0.1 --exp_name dpmorl_portfolio_20utils --max_num_policies 20 --pretrained_only True --num_pretrained_to_use 20 --total_timesteps 10000000 --num_envs 20 --portfolio_data_dir /Users/jungwoo.hong/Documents/DPMORL/DPMORL/data/portfolio_expanded/train --portfolio_rebalance_every 5 --portfolio_max_trajectory_len 252 --portfolio_lookback 20 --portfolio_risk_scale 1.0
artifact_count=       0
tmux_session=dpmorl_portfolio_dpmorl20: 1 windows (created Fri Mar 13 13:00:15 2026)

===== 2026-03-13 14:00:59 =====
  501 95260 95255   0  1:00PM ttys029    0:00.53 /Users/jungwoo.hong/miniconda3/bin/python /Users/jungwoo.hong/miniconda3/condabin/conda run -n dpmorl python -u /Users/jungwoo.hong/Documents/DPMORL/DPMORL/main_policy.py --env Portfolio --reward_two_dim --lamda 0.1 --exp_name dpmorl_portfolio_20utils --max_num_policies 20 --pretrained_only True --num_pretrained_to_use 20 --total_timesteps 10000000 --num_envs 20 --portfolio_data_dir /Users/jungwoo.hong/Documents/DPMORL/DPMORL/data/portfolio_expanded/train --portfolio_rebalance_every 5 --portfolio_max_trajectory_len 252 --portfolio_lookback 20 --portfolio_risk_scale 1.0
  501 95320 95313   0  1:00PM ttys029  434:44.40 python -u /Users/jungwoo.hong/Documents/DPMORL/DPMORL/main_policy.py --env Portfolio --reward_two_dim --lamda 0.1 --exp_name dpmorl_portfolio_20utils --max_num_policies 20 --pretrained_only True --num_pretrained_to_use 20 --total_timesteps 10000000 --num_envs 20 --portfolio_data_dir /Users/jungwoo.hong/Documents/DPMORL/DPMORL/data/portfolio_expanded/train --portfolio_rebalance_every 5 --portfolio_max_trajectory_len 252 --portfolio_lookback 20 --portfolio_risk_scale 1.0
artifact_count=       0
tmux_session=dpmorl_portfolio_dpmorl20: 1 windows (created Fri Mar 13 13:00:15 2026)

===== 2026-03-13 14:03:07 =====
portfolio training process: not running
artifact_count=       0
tmux_session=missing

===== 2026-03-13 14:05:09 =====
portfolio training process: not running
artifact_count=       0
tmux_session=missing

===== 2026-03-13 14:07:12 =====
portfolio training process: not running
artifact_count=       0
tmux_session=missing

===== 2026-03-13 14:09:14 =====
portfolio training process: not running
artifact_count=       0
tmux_session=missing

===== 2026-03-13 14:11:16 =====
portfolio training process: not running
artifact_count=       0
tmux_session=missing

===== 2026-03-13 14:13:18 =====
portfolio training process: not running
artifact_count=       0
tmux_session=missing

===== 2026-03-13 14:15:20 =====
portfolio training process: not running
artifact_count=       0
tmux_session=missing

===== 2026-03-13 14:17:22 =====
portfolio training process: not running
artifact_count=       0
tmux_session=missing

===== 2026-03-13 14:19:24 =====
portfolio training process: not running
artifact_count=       0
tmux_session=missing

===== 2026-03-13 14:21:27 =====
portfolio training process: not running
artifact_count=       0
tmux_session=missing

===== 2026-03-13 14:23:29 =====
portfolio training process: not running
artifact_count=       0
tmux_session=missing

===== 2026-03-13 14:25:31 =====
portfolio training process: not running
artifact_count=       0
tmux_session=missing

===== 2026-03-13 14:27:34 =====
portfolio training process: not running
artifact_count=       0
tmux_session=missing

===== 2026-03-13 14:29:37 =====
portfolio training process: not running
artifact_count=       0
tmux_session=missing

===== 2026-03-13 14:31:39 =====
portfolio training process: not running
artifact_count=       0
tmux_session=missing

===== 2026-03-13 14:33:41 =====
portfolio training process: not running
artifact_count=       0
tmux_session=missing

===== 2026-03-13 14:35:43 =====
portfolio training process: not running
artifact_count=       0
tmux_session=missing

===== 2026-03-13 14:37:45 =====
portfolio training process: not running
artifact_count=       0
tmux_session=missing

===== 2026-03-13 14:39:48 =====
portfolio training process: not running
artifact_count=       0
tmux_session=missing

===== 2026-03-13 14:41:50 =====
portfolio training process: not running
artifact_count=       0
tmux_session=missing

===== 2026-03-13 14:43:52 =====
portfolio training process: not running
artifact_count=       0
tmux_session=missing

===== 2026-03-13 14:45:55 =====
portfolio training process: not running
artifact_count=       0
tmux_session=missing

===== 2026-03-13 14:47:57 =====
portfolio training process: not running
artifact_count=       0
tmux_session=missing

===== 2026-03-13 14:50:00 =====
portfolio training process: not running
artifact_count=       0
tmux_session=missing

===== 2026-03-13 14:52:02 =====
portfolio training process: not running
artifact_count=       0
tmux_session=missing

===== 2026-03-13 14:54:04 =====
portfolio training process: not running
artifact_count=       0
tmux_session=missing

===== 2026-03-13 14:56:06 =====
portfolio training process: not running
artifact_count=       0
tmux_session=missing

===== 2026-03-13 14:58:08 =====
portfolio training process: not running
artifact_count=       0
tmux_session=missing

===== 2026-03-13 15:00:10 =====
portfolio training process: not running
artifact_count=       0
tmux_session=missing

===== 2026-03-13 15:02:12 =====
portfolio training process: not running
artifact_count=       0
tmux_session=missing

===== 2026-03-13 15:04:14 =====
portfolio training process: not running
artifact_count=       0
tmux_session=missing

===== 2026-03-13 15:06:20 =====
portfolio training process: not running
artifact_count=       0
tmux_session=missing

===== 2026-03-13 15:08:22 =====
portfolio training process: not running
artifact_count=       0
tmux_session=missing

===== 2026-03-13 15:10:24 =====
portfolio training process: not running
artifact_count=       0
tmux_session=missing

===== 2026-03-13 15:12:26 =====
portfolio training process: not running
artifact_count=       0
tmux_session=missing

===== 2026-03-13 15:14:28 =====
portfolio training process: not running
artifact_count=       0
tmux_session=missing

===== 2026-03-13 15:16:30 =====
portfolio training process: not running
artifact_count=       0
tmux_session=missing

===== 2026-03-13 15:18:34 =====
portfolio training process: not running
artifact_count=       0
tmux_session=missing

===== 2026-03-13 15:20:36 =====
portfolio training process: not running
artifact_count=       0
tmux_session=missing

===== 2026-03-13 15:22:38 =====
portfolio training process: not running
artifact_count=       0
tmux_session=missing

===== 2026-03-13 15:24:40 =====
portfolio training process: not running
artifact_count=       0
tmux_session=missing

===== 2026-03-13 15:26:43 =====
portfolio training process: not running
artifact_count=       0
tmux_session=missing

===== 2026-03-13 15:28:45 =====
portfolio training process: not running
artifact_count=       0
tmux_session=missing

===== 2026-03-13 15:30:47 =====
portfolio training process: not running
artifact_count=       0
tmux_session=missing

===== 2026-03-13 15:32:50 =====
portfolio training process: not running
artifact_count=       0
tmux_session=missing

===== 2026-03-13 15:34:52 =====
portfolio training process: not running
artifact_count=       0
tmux_session=missing

===== 2026-03-13 15:36:54 =====
portfolio training process: not running
artifact_count=       0
tmux_session=missing

===== 2026-03-13 15:38:57 =====
portfolio training process: not running
artifact_count=       0
tmux_session=missing

===== 2026-03-13 15:40:59 =====
portfolio training process: not running
artifact_count=       0
tmux_session=missing

===== 2026-03-13 15:43:06 =====
portfolio training process: not running
artifact_count=       0
tmux_session=missing

===== 2026-03-13 15:45:08 =====
portfolio training process: not running
artifact_count=       0
tmux_session=missing

===== 2026-03-13 15:47:10 =====
portfolio training process: not running
artifact_count=       0
tmux_session=missing

===== 2026-03-13 15:49:12 =====
portfolio training process: not running
artifact_count=       0
tmux_session=missing

===== 2026-03-13 15:51:17 =====
portfolio training process: not running
artifact_count=       0
tmux_session=missing

===== 2026-03-13 15:53:19 =====
portfolio training process: not running
artifact_count=       0
tmux_session=missing

===== 2026-03-13 15:55:22 =====
portfolio training process: not running
artifact_count=       0
tmux_session=missing

===== 2026-03-13 15:57:24 =====
portfolio training process: not running
artifact_count=       0
tmux_session=missing

===== 2026-03-13 15:59:26 =====
portfolio training process: not running
artifact_count=       0
tmux_session=missing

===== 2026-03-13 16:01:28 =====
portfolio training process: not running
artifact_count=       0
tmux_session=missing

===== 2026-03-13 16:03:30 =====
portfolio training process: not running
artifact_count=       0
tmux_session=missing

===== 2026-03-13 16:05:33 =====
portfolio training process: not running
artifact_count=       0
tmux_session=missing

===== 2026-03-13 16:07:35 =====
portfolio training process: not running
artifact_count=       0
tmux_session=missing

===== 2026-03-13 16:09:37 =====
portfolio training process: not running
artifact_count=       0
tmux_session=missing

===== 2026-03-13 16:11:39 =====
portfolio training process: not running
artifact_count=       0
tmux_session=missing

===== 2026-03-13 16:13:41 =====
portfolio training process: not running
artifact_count=       0
tmux_session=missing

===== 2026-03-13 16:15:43 =====
portfolio training process: not running
artifact_count=       0
tmux_session=missing

===== 2026-03-13 16:17:45 =====
portfolio training process: not running
artifact_count=       0
tmux_session=missing

===== 2026-03-13 16:19:47 =====
portfolio training process: not running
artifact_count=       0
tmux_session=missing

===== 2026-03-13 16:21:49 =====
portfolio training process: not running
artifact_count=       0
tmux_session=missing

===== 2026-03-13 16:23:51 =====
portfolio training process: not running
artifact_count=       0
tmux_session=missing

===== 2026-03-13 16:25:53 =====
portfolio training process: not running
artifact_count=       0
tmux_session=missing

===== 2026-03-13 16:27:54 =====
portfolio training process: not running
artifact_count=       0
tmux_session=missing

===== 2026-03-13 16:29:56 =====
portfolio training process: not running
artifact_count=       0
tmux_session=missing

===== 2026-03-13 16:31:58 =====
portfolio training process: not running
artifact_count=       0
tmux_session=missing

===== 2026-03-13 16:34:00 =====
portfolio training process: not running
artifact_count=       0
tmux_session=missing

===== 2026-03-13 16:36:02 =====
portfolio training process: not running
artifact_count=       0
tmux_session=missing

===== 2026-03-13 16:38:04 =====
portfolio training process: not running
artifact_count=       0
tmux_session=missing

===== 2026-03-13 16:40:06 =====
portfolio training process: not running
artifact_count=       0
tmux_session=missing

===== 2026-03-13 16:42:08 =====
portfolio training process: not running
artifact_count=       0
tmux_session=missing

===== 2026-03-13 16:44:10 =====
portfolio training process: not running
artifact_count=       0
tmux_session=missing

===== 2026-03-13 16:46:12 =====
portfolio training process: not running
artifact_count=       0
tmux_session=missing

===== 2026-03-13 16:48:14 =====
portfolio training process: not running
artifact_count=       0
tmux_session=missing

===== 2026-03-13 16:50:16 =====
portfolio training process: not running
artifact_count=       0
tmux_session=missing

===== 2026-03-13 16:52:18 =====
portfolio training process: not running
artifact_count=       0
tmux_session=missing

===== 2026-03-13 16:54:20 =====
portfolio training process: not running
artifact_count=       0
tmux_session=missing

===== 2026-03-13 16:56:22 =====
portfolio training process: not running
artifact_count=       0
tmux_session=missing

===== 2026-03-13 16:58:24 =====
portfolio training process: not running
artifact_count=       0
tmux_session=missing

===== 2026-03-13 17:00:26 =====
portfolio training process: not running
artifact_count=       0
tmux_session=missing

===== 2026-03-13 17:02:28 =====
portfolio training process: not running
artifact_count=       0
tmux_session=missing

===== 2026-03-13 17:04:30 =====
portfolio training process: not running
artifact_count=       0
tmux_session=missing

===== 2026-03-13 17:06:32 =====
portfolio training process: not running
artifact_count=       0
tmux_session=missing

===== 2026-03-13 17:08:35 =====
portfolio training process: not running
artifact_count=       0
tmux_session=missing

===== 2026-03-13 17:10:37 =====
portfolio training process: not running
artifact_count=       0
tmux_session=missing

===== 2026-03-13 17:12:39 =====
portfolio training process: not running
artifact_count=       0
tmux_session=missing

===== 2026-03-13 17:14:41 =====
portfolio training process: not running
artifact_count=       0
tmux_session=missing

===== 2026-03-13 17:16:43 =====
portfolio training process: not running
artifact_count=       0
tmux_session=missing

===== 2026-03-13 17:18:45 =====
portfolio training process: not running
artifact_count=       0
tmux_session=missing

===== 2026-03-13 17:20:47 =====
portfolio training process: not running
artifact_count=       0
tmux_session=missing

===== 2026-03-13 17:22:49 =====
portfolio training process: not running
artifact_count=       0
tmux_session=missing

===== 2026-03-13 17:26:11 =====
portfolio training process: not running
artifact_count=       0
tmux_session=missing

===== 2026-03-13 17:28:13 =====
portfolio training process: not running
artifact_count=       0
tmux_session=missing

===== 2026-03-13 17:30:15 =====
portfolio training process: not running
artifact_count=       0
tmux_session=missing

===== 2026-03-13 17:32:18 =====
portfolio training process: not running
artifact_count=       0
tmux_session=missing

===== 2026-03-13 17:34:20 =====
portfolio training process: not running
artifact_count=       0
tmux_session=missing

===== 2026-03-13 17:36:22 =====
portfolio training process: not running
artifact_count=       0
tmux_session=missing

===== 2026-03-13 17:38:24 =====
portfolio training process: not running
artifact_count=       0
tmux_session=missing

===== 2026-03-13 17:40:26 =====
portfolio training process: not running
artifact_count=       0
tmux_session=missing

===== 2026-03-13 17:42:28 =====
portfolio training process: not running
artifact_count=       0
tmux_session=missing

===== 2026-03-13 17:44:30 =====
portfolio training process: not running
artifact_count=       0
tmux_session=missing

===== 2026-03-13 17:46:32 =====
portfolio training process: not running
artifact_count=       0
tmux_session=missing

===== 2026-03-13 17:48:34 =====
portfolio training process: not running
artifact_count=       0
tmux_session=missing

===== 2026-03-13 17:50:35 =====
portfolio training process: not running
artifact_count=       0
tmux_session=missing

===== 2026-03-13 17:52:38 =====
portfolio training process: not running
artifact_count=       0
tmux_session=missing

===== 2026-03-13 17:54:39 =====
portfolio training process: not running
artifact_count=       0
tmux_session=missing

===== 2026-03-13 17:56:41 =====
portfolio training process: not running
artifact_count=       0
tmux_session=missing

===== 2026-03-13 17:58:43 =====
portfolio training process: not running
artifact_count=       0
tmux_session=missing

===== 2026-03-13 18:00:45 =====
portfolio training process: not running
artifact_count=       0
tmux_session=missing

===== 2026-03-13 18:02:47 =====
portfolio training process: not running
artifact_count=       0
tmux_session=missing

===== 2026-03-13 18:04:47 =====
portfolio training process: not running
artifact_count=       0
tmux_session=missing

===== 2026-03-13 18:06:47 =====
portfolio training process: not running
artifact_count=       0
tmux_session=missing

===== 2026-03-13 18:08:48 =====
portfolio training process: not running
artifact_count=       0
tmux_session=missing

===== 2026-03-13 18:11:57 =====
portfolio training process: not running
artifact_count=       0
tmux_session=missing

===== 2026-03-13 20:43:17 =====
portfolio training process: not running
artifact_count=       0
tmux_session=missing

===== 2026-03-13 22:30:50 =====
portfolio training process: not running
artifact_count=       0
tmux_session=missing

===== 2026-03-13 23:53:56 =====
portfolio training process: not running
artifact_count=       0
tmux_session=missing

===== 2026-03-14 04:01:39 =====
portfolio training process: not running
artifact_count=       0
tmux_session=missing

===== 2026-03-14 08:07:50 =====
portfolio training process: not running
artifact_count=       0
tmux_session=missing

===== 2026-03-14 09:03:06 =====
portfolio training process: not running
artifact_count=       0
tmux_session=missing

===== 2026-03-14 10:34:05 =====
portfolio training process: not running
artifact_count=       0
tmux_session=missing

===== 2026-03-14 12:06:15 =====
portfolio training process: not running
artifact_count=       0
tmux_session=missing

===== 2026-03-14 14:08:10 =====
portfolio training process: not running
artifact_count=       0
tmux_session=missing

===== 2026-03-14 16:01:53 =====
portfolio training process: not running
artifact_count=       0
tmux_session=missing

===== 2026-03-14 16:03:53 =====
portfolio training process: not running
artifact_count=       0
tmux_session=missing

===== 2026-03-14 16:05:53 =====
portfolio training process: not running
artifact_count=       0
tmux_session=missing

===== 2026-03-14 16:07:53 =====
portfolio training process: not running
artifact_count=       0
tmux_session=missing

===== 2026-03-14 16:09:53 =====
portfolio training process: not running
artifact_count=       0
tmux_session=missing

===== 2026-03-14 16:11:54 =====
portfolio training process: not running
artifact_count=       0
tmux_session=missing

===== 2026-03-14 16:20:29 =====
portfolio training process: not running
artifact_count=       0
tmux_session=missing

===== 2026-03-14 16:22:29 =====
portfolio training process: not running
artifact_count=       0
tmux_session=missing

===== 2026-03-14 16:24:29 =====
portfolio training process: not running
artifact_count=       0
tmux_session=missing

===== 2026-03-14 16:26:29 =====
portfolio training process: not running
artifact_count=       0
tmux_session=missing

===== 2026-03-14 16:28:29 =====
portfolio training process: not running
artifact_count=       0
tmux_session=missing

===== 2026-03-14 16:46:02 =====
portfolio training process: not running
artifact_count=       0
tmux_session=missing

===== 2026-03-14 17:08:50 =====
portfolio training process: not running
artifact_count=       0
tmux_session=missing

===== 2026-03-14 17:19:15 =====
portfolio training process: not running
artifact_count=       0
tmux_session=missing

===== 2026-03-14 17:33:30 =====
portfolio training process: not running
artifact_count=       0
tmux_session=missing

===== 2026-03-14 18:21:31 =====
portfolio training process: not running
artifact_count=       0
tmux_session=missing

===== 2026-03-14 18:44:51 =====
portfolio training process: not running
artifact_count=       0
tmux_session=missing

===== 2026-03-14 19:20:43 =====
portfolio training process: not running
artifact_count=       0
tmux_session=missing

===== 2026-03-14 19:44:30 =====
portfolio training process: not running
artifact_count=       0
tmux_session=missing

===== 2026-03-14 20:18:16 =====
portfolio training process: not running
artifact_count=       0
tmux_session=missing

===== 2026-03-14 20:45:45 =====
portfolio training process: not running
artifact_count=       0
tmux_session=missing

===== 2026-03-14 21:07:31 =====
portfolio training process: not running
artifact_count=       0
tmux_session=missing

===== 2026-03-14 21:29:36 =====
portfolio training process: not running
artifact_count=       0
tmux_session=missing

===== 2026-03-14 22:22:02 =====
portfolio training process: not running
artifact_count=       0
tmux_session=missing

===== 2026-03-14 22:46:46 =====
portfolio training process: not running
artifact_count=       0
tmux_session=missing

===== 2026-03-14 23:21:14 =====
portfolio training process: not running
artifact_count=       0
tmux_session=missing

===== 2026-03-15 00:02:14 =====
portfolio training process: not running
artifact_count=       0
tmux_session=missing

===== 2026-03-15 00:04:14 =====
portfolio training process: not running
artifact_count=       0
tmux_session=missing

===== 2026-03-15 00:06:14 =====
portfolio training process: not running
artifact_count=       0
tmux_session=missing

===== 2026-03-15 00:08:15 =====
portfolio training process: not running
artifact_count=       0
tmux_session=missing

===== 2026-03-15 00:10:15 =====
portfolio training process: not running
artifact_count=       0
tmux_session=missing

===== 2026-03-15 00:12:15 =====
portfolio training process: not running
artifact_count=       0
tmux_session=missing

===== 2026-03-15 00:14:51 =====
portfolio training process: not running
artifact_count=       0
tmux_session=missing

===== 2026-03-15 00:16:52 =====
portfolio training process: not running
artifact_count=       0
tmux_session=missing

===== 2026-03-15 00:18:52 =====
portfolio training process: not running
artifact_count=       0
tmux_session=missing

===== 2026-03-15 00:20:52 =====
portfolio training process: not running
artifact_count=       0
tmux_session=missing

===== 2026-03-15 00:22:52 =====
portfolio training process: not running
artifact_count=       0
tmux_session=missing

===== 2026-03-15 00:24:52 =====
portfolio training process: not running
artifact_count=       0
tmux_session=missing

===== 2026-03-15 00:59:52 =====
portfolio training process: not running
artifact_count=       0
tmux_session=missing

===== 2026-03-15 01:53:17 =====
portfolio training process: not running
artifact_count=       0
tmux_session=missing

===== 2026-03-15 02:21:20 =====
portfolio training process: not running
artifact_count=       0
tmux_session=missing

===== 2026-03-15 02:54:35 =====
portfolio training process: not running
artifact_count=       0
tmux_session=missing

===== 2026-03-15 03:43:42 =====
portfolio training process: not running
artifact_count=       0
tmux_session=missing

===== 2026-03-15 04:17:23 =====
portfolio training process: not running
artifact_count=       0
tmux_session=missing

===== 2026-03-15 04:50:38 =====
portfolio training process: not running
artifact_count=       0
tmux_session=missing

===== 2026-03-15 04:52:38 =====
portfolio training process: not running
artifact_count=       0
tmux_session=missing

===== 2026-03-15 05:25:23 =====
portfolio training process: not running
artifact_count=       0
tmux_session=missing

===== 2026-03-15 06:02:40 =====
portfolio training process: not running
artifact_count=       0
tmux_session=missing

===== 2026-03-15 06:35:39 =====
portfolio training process: not running
artifact_count=       0
tmux_session=missing

===== 2026-03-15 06:53:33 =====
portfolio training process: not running
artifact_count=       0
tmux_session=missing

===== 2026-03-15 07:46:26 =====
portfolio training process: not running
artifact_count=       0
tmux_session=missing

===== 2026-03-15 08:20:40 =====
portfolio training process: not running
artifact_count=       0
tmux_session=missing

===== 2026-03-15 08:33:44 =====
portfolio training process: not running
artifact_count=       0
tmux_session=missing

===== 2026-03-15 09:07:27 =====
portfolio training process: not running
artifact_count=       0
tmux_session=missing

===== 2026-03-15 09:55:26 =====
portfolio training process: not running
artifact_count=       0
tmux_session=missing

===== 2026-03-15 10:22:35 =====
portfolio training process: not running
artifact_count=       0
tmux_session=missing

===== 2026-03-15 11:13:12 =====
portfolio training process: not running
artifact_count=       0
tmux_session=missing

===== 2026-03-15 11:39:47 =====
portfolio training process: not running
artifact_count=       0
tmux_session=missing

===== 2026-03-15 12:12:09 =====
portfolio training process: not running
artifact_count=       0
tmux_session=missing

===== 2026-03-15 12:40:18 =====
portfolio training process: not running
artifact_count=       0
tmux_session=missing

===== 2026-03-15 13:13:50 =====
portfolio training process: not running
artifact_count=       0
tmux_session=missing

===== 2026-03-15 13:49:18 =====
portfolio training process: not running
artifact_count=       0
tmux_session=missing

===== 2026-03-15 13:51:19 =====
portfolio training process: not running
artifact_count=       0
tmux_session=missing

===== 2026-03-15 13:53:19 =====
portfolio training process: not running
artifact_count=       0
tmux_session=missing

===== 2026-03-15 13:55:19 =====
portfolio training process: not running
artifact_count=       0
tmux_session=missing

===== 2026-03-15 13:57:19 =====
portfolio training process: not running
artifact_count=       0
tmux_session=missing

===== 2026-03-15 13:59:19 =====
portfolio training process: not running
artifact_count=       0
tmux_session=missing

===== 2026-03-15 14:01:19 =====
portfolio training process: not running
artifact_count=       0
tmux_session=missing

===== 2026-03-15 14:03:19 =====
portfolio training process: not running
artifact_count=       0
tmux_session=missing

===== 2026-03-15 14:05:19 =====
portfolio training process: not running
artifact_count=       0
tmux_session=missing

===== 2026-03-15 14:07:19 =====
portfolio training process: not running
artifact_count=       0
tmux_session=missing

===== 2026-03-15 14:09:20 =====
portfolio training process: not running
artifact_count=       0
tmux_session=missing

===== 2026-03-15 14:11:20 =====
portfolio training process: not running
artifact_count=       0
tmux_session=missing

===== 2026-03-15 14:13:20 =====
portfolio training process: not running
artifact_count=       0
tmux_session=missing

===== 2026-03-15 14:15:20 =====
portfolio training process: not running
artifact_count=       0
tmux_session=missing

===== 2026-03-15 14:17:20 =====
portfolio training process: not running
artifact_count=       0
tmux_session=missing

===== 2026-03-15 14:19:20 =====
portfolio training process: not running
artifact_count=       0
tmux_session=missing

===== 2026-03-15 14:21:20 =====
portfolio training process: not running
artifact_count=       0
tmux_session=missing

===== 2026-03-15 14:23:20 =====
portfolio training process: not running
artifact_count=       0
tmux_session=missing

===== 2026-03-15 14:25:21 =====
portfolio training process: not running
artifact_count=       0
tmux_session=missing

===== 2026-03-15 14:27:21 =====
portfolio training process: not running
artifact_count=       0
tmux_session=missing

===== 2026-03-15 14:29:21 =====
portfolio training process: not running
artifact_count=       0
tmux_session=missing

===== 2026-03-15 15:03:26 =====
portfolio training process: not running
artifact_count=       0
tmux_session=missing

===== 2026-03-15 15:13:36 =====
portfolio training process: not running
artifact_count=       0
tmux_session=missing

===== 2026-03-15 15:24:02 =====
portfolio training process: not running
artifact_count=       0
tmux_session=missing

===== 2026-03-15 15:50:54 =====
portfolio training process: not running
artifact_count=       0
tmux_session=missing

===== 2026-03-15 16:09:52 =====
portfolio training process: not running
artifact_count=       0
tmux_session=missing

===== 2026-03-15 16:26:57 =====
portfolio training process: not running
artifact_count=       0
tmux_session=missing

===== 2026-03-15 17:04:26 =====
portfolio training process: not running
artifact_count=       0
tmux_session=missing

===== 2026-03-15 17:08:43 =====
portfolio training process: not running
artifact_count=       0
tmux_session=missing

===== 2026-03-15 17:10:43 =====
portfolio training process: not running
artifact_count=       0
tmux_session=missing

===== 2026-03-15 17:12:44 =====
portfolio training process: not running
artifact_count=       0
tmux_session=missing

===== 2026-03-15 17:14:44 =====
portfolio training process: not running
artifact_count=       0
tmux_session=missing

===== 2026-03-15 17:16:44 =====
portfolio training process: not running
artifact_count=       0
tmux_session=missing

===== 2026-03-15 17:18:44 =====
portfolio training process: not running
artifact_count=       0
tmux_session=missing

===== 2026-03-15 17:52:25 =====
portfolio training process: not running
artifact_count=       0
tmux_session=missing

===== 2026-03-15 18:12:43 =====
portfolio training process: not running
artifact_count=       0
tmux_session=missing

===== 2026-03-15 18:48:10 =====
portfolio training process: not running
artifact_count=       0
tmux_session=missing

===== 2026-03-15 19:33:21 =====
portfolio training process: not running
artifact_count=       0
tmux_session=missing

===== 2026-03-15 20:08:35 =====
portfolio training process: not running
artifact_count=       0
tmux_session=missing

===== 2026-03-15 20:35:20 =====
portfolio training process: not running
artifact_count=       0
tmux_session=missing

===== 2026-03-15 20:37:20 =====
portfolio training process: not running
artifact_count=       0
tmux_session=missing

===== 2026-03-15 20:39:20 =====
portfolio training process: not running
artifact_count=       0
tmux_session=missing

===== 2026-03-15 20:41:20 =====
portfolio training process: not running
artifact_count=       0
tmux_session=missing

===== 2026-03-15 20:43:20 =====
portfolio training process: not running
artifact_count=       0
tmux_session=missing

===== 2026-03-15 20:45:21 =====
portfolio training process: not running
artifact_count=       0
tmux_session=missing

===== 2026-03-15 20:47:21 =====
portfolio training process: not running
artifact_count=       0
tmux_session=missing

===== 2026-03-15 20:55:48 =====
portfolio training process: not running
artifact_count=       0
tmux_session=missing

===== 2026-03-15 20:57:49 =====
portfolio training process: not running
artifact_count=       0
tmux_session=missing

===== 2026-03-15 20:59:49 =====
portfolio training process: not running
artifact_count=       0
tmux_session=missing

===== 2026-03-15 21:01:49 =====
portfolio training process: not running
artifact_count=       0
tmux_session=missing

===== 2026-03-15 21:03:49 =====
portfolio training process: not running
artifact_count=       0
tmux_session=missing

===== 2026-03-15 21:05:49 =====
portfolio training process: not running
artifact_count=       0
tmux_session=missing

===== 2026-03-15 21:07:49 =====
portfolio training process: not running
artifact_count=       0
tmux_session=missing

===== 2026-03-15 21:09:49 =====
portfolio training process: not running
artifact_count=       0
tmux_session=missing

===== 2026-03-15 21:11:49 =====
portfolio training process: not running
artifact_count=       0
tmux_session=missing

===== 2026-03-15 21:13:50 =====
portfolio training process: not running
artifact_count=       0
tmux_session=missing

===== 2026-03-15 21:15:50 =====
portfolio training process: not running
artifact_count=       0
tmux_session=missing

===== 2026-03-15 21:17:50 =====
portfolio training process: not running
artifact_count=       0
tmux_session=missing

===== 2026-03-15 21:19:50 =====
portfolio training process: not running
artifact_count=       0
tmux_session=missing

===== 2026-03-15 21:21:50 =====
portfolio training process: not running
artifact_count=       0
tmux_session=missing

===== 2026-03-15 21:23:50 =====
portfolio training process: not running
artifact_count=       0
tmux_session=missing

===== 2026-03-15 21:25:50 =====
portfolio training process: not running
artifact_count=       0
tmux_session=missing

===== 2026-03-15 21:27:50 =====
portfolio training process: not running
artifact_count=       0
tmux_session=missing

===== 2026-03-15 21:29:51 =====
portfolio training process: not running
artifact_count=       0
tmux_session=missing

===== 2026-03-15 21:31:51 =====
portfolio training process: not running
artifact_count=       0
tmux_session=missing

===== 2026-03-15 21:33:51 =====
portfolio training process: not running
artifact_count=       0
tmux_session=missing

===== 2026-03-15 21:35:51 =====
portfolio training process: not running
artifact_count=       0
tmux_session=missing

===== 2026-03-15 21:37:51 =====
portfolio training process: not running
artifact_count=       0
tmux_session=missing

===== 2026-03-15 21:39:51 =====
portfolio training process: not running
artifact_count=       0
tmux_session=missing

===== 2026-03-15 21:41:51 =====
portfolio training process: not running
artifact_count=       0
tmux_session=missing

===== 2026-03-15 21:43:51 =====
portfolio training process: not running
artifact_count=       0
tmux_session=missing

===== 2026-03-15 21:45:52 =====
portfolio training process: not running
artifact_count=       0
tmux_session=missing

===== 2026-03-15 21:47:52 =====
portfolio training process: not running
artifact_count=       0
tmux_session=missing

===== 2026-03-15 21:49:52 =====
portfolio training process: not running
artifact_count=       0
tmux_session=missing

===== 2026-03-15 21:51:52 =====
portfolio training process: not running
artifact_count=       0
tmux_session=missing

===== 2026-03-15 21:53:52 =====
portfolio training process: not running
artifact_count=       0
tmux_session=missing

===== 2026-03-15 21:55:52 =====
portfolio training process: not running
artifact_count=       0
tmux_session=missing

===== 2026-03-15 21:57:52 =====
portfolio training process: not running
artifact_count=       0
tmux_session=missing

===== 2026-03-15 21:59:52 =====
portfolio training process: not running
artifact_count=       0
tmux_session=missing

===== 2026-03-15 22:01:52 =====
portfolio training process: not running
artifact_count=       0
tmux_session=missing

===== 2026-03-15 22:03:53 =====
portfolio training process: not running
artifact_count=       0
tmux_session=missing

===== 2026-03-15 22:05:53 =====
portfolio training process: not running
artifact_count=       0
tmux_session=missing

===== 2026-03-15 22:07:53 =====
portfolio training process: not running
artifact_count=       0
tmux_session=missing

===== 2026-03-15 22:09:53 =====
portfolio training process: not running
artifact_count=       0
tmux_session=missing

===== 2026-03-15 22:11:53 =====
portfolio training process: not running
artifact_count=       0
tmux_session=missing

===== 2026-03-15 22:13:53 =====
portfolio training process: not running
artifact_count=       0
tmux_session=missing

===== 2026-03-15 22:15:53 =====
portfolio training process: not running
artifact_count=       0
tmux_session=missing

===== 2026-03-15 22:17:53 =====
portfolio training process: not running
artifact_count=       0
tmux_session=missing

===== 2026-03-15 22:35:24 =====
portfolio training process: not running
artifact_count=       0
tmux_session=missing

===== 2026-03-15 22:37:24 =====
portfolio training process: not running
artifact_count=       0
tmux_session=missing

===== 2026-03-15 22:39:24 =====
portfolio training process: not running
artifact_count=       0
tmux_session=missing

===== 2026-03-15 22:41:24 =====
portfolio training process: not running
artifact_count=       0
tmux_session=missing

===== 2026-03-15 22:43:24 =====
portfolio training process: not running
artifact_count=       0
tmux_session=missing

===== 2026-03-15 22:45:24 =====
portfolio training process: not running
artifact_count=       0
tmux_session=missing

===== 2026-03-15 22:47:24 =====
portfolio training process: not running
artifact_count=       0
tmux_session=missing

===== 2026-03-15 22:49:25 =====
portfolio training process: not running
artifact_count=       0
tmux_session=missing

===== 2026-03-15 22:51:25 =====
portfolio training process: not running
artifact_count=       0
tmux_session=missing

===== 2026-03-15 22:53:25 =====
portfolio training process: not running
artifact_count=       0
tmux_session=missing

===== 2026-03-15 22:55:25 =====
portfolio training process: not running
artifact_count=       0
tmux_session=missing

===== 2026-03-15 22:57:25 =====
portfolio training process: not running
artifact_count=       0
tmux_session=missing

===== 2026-03-15 22:59:25 =====
portfolio training process: not running
artifact_count=       0
tmux_session=missing

===== 2026-03-15 23:01:25 =====
portfolio training process: not running
artifact_count=       0
tmux_session=missing

===== 2026-03-15 23:03:25 =====
portfolio training process: not running
artifact_count=       0
tmux_session=missing

===== 2026-03-15 23:05:26 =====
portfolio training process: not running
artifact_count=       0
tmux_session=missing

===== 2026-03-15 23:07:26 =====
portfolio training process: not running
artifact_count=       0
tmux_session=missing

===== 2026-03-15 23:09:26 =====
portfolio training process: not running
artifact_count=       0
tmux_session=missing

===== 2026-03-15 23:11:26 =====
portfolio training process: not running
artifact_count=       0
tmux_session=missing

===== 2026-03-15 23:13:26 =====
portfolio training process: not running
artifact_count=       0
tmux_session=missing

===== 2026-03-15 23:15:26 =====
portfolio training process: not running
artifact_count=       0
tmux_session=missing

===== 2026-03-15 23:17:26 =====
portfolio training process: not running
artifact_count=       0
tmux_session=missing

===== 2026-03-15 23:25:56 =====
portfolio training process: not running
artifact_count=       0
tmux_session=missing

===== 2026-03-15 23:27:57 =====
portfolio training process: not running
artifact_count=       0
tmux_session=missing

===== 2026-03-15 23:29:57 =====
portfolio training process: not running
artifact_count=       0
tmux_session=missing

===== 2026-03-15 23:31:57 =====
portfolio training process: not running
artifact_count=       0
tmux_session=missing

===== 2026-03-15 23:33:57 =====
portfolio training process: not running
artifact_count=       0
tmux_session=missing

===== 2026-03-15 23:35:57 =====
portfolio training process: not running
artifact_count=       0
tmux_session=missing

===== 2026-03-15 23:37:57 =====
portfolio training process: not running
artifact_count=       0
tmux_session=missing

===== 2026-03-15 23:39:57 =====
portfolio training process: not running
artifact_count=       0
tmux_session=missing

===== 2026-03-15 23:41:58 =====
portfolio training process: not running
artifact_count=       0
tmux_session=missing

===== 2026-03-15 23:43:58 =====
portfolio training process: not running
artifact_count=       0
tmux_session=missing

===== 2026-03-15 23:45:58 =====
portfolio training process: not running
artifact_count=       0
tmux_session=missing

===== 2026-03-15 23:47:58 =====
portfolio training process: not running
artifact_count=       0
tmux_session=missing

===== 2026-03-15 23:49:58 =====
portfolio training process: not running
artifact_count=       0
tmux_session=missing

===== 2026-03-15 23:51:58 =====
portfolio training process: not running
artifact_count=       0
tmux_session=missing

===== 2026-03-15 23:53:58 =====
portfolio training process: not running
artifact_count=       0
tmux_session=missing

===== 2026-03-15 23:55:58 =====
portfolio training process: not running
artifact_count=       0
tmux_session=missing

===== 2026-03-15 23:57:59 =====
portfolio training process: not running
artifact_count=       0
tmux_session=missing

===== 2026-03-15 23:59:59 =====
portfolio training process: not running
artifact_count=       0
tmux_session=missing

===== 2026-03-16 00:01:59 =====
portfolio training process: not running
artifact_count=       0
tmux_session=missing

===== 2026-03-16 00:03:59 =====
portfolio training process: not running
artifact_count=       0
tmux_session=missing

===== 2026-03-16 00:05:59 =====
portfolio training process: not running
artifact_count=       0
tmux_session=missing

===== 2026-03-16 00:07:59 =====
portfolio training process: not running
artifact_count=       0
tmux_session=missing

===== 2026-03-16 00:10:23 =====
portfolio training process: not running
artifact_count=       0
tmux_session=missing

===== 2026-03-16 00:12:23 =====
portfolio training process: not running
artifact_count=       0
tmux_session=missing

===== 2026-03-16 00:14:23 =====
portfolio training process: not running
artifact_count=       0
tmux_session=missing

===== 2026-03-16 00:16:24 =====
portfolio training process: not running
artifact_count=       0
tmux_session=missing

===== 2026-03-16 00:18:24 =====
portfolio training process: not running
artifact_count=       0
tmux_session=missing

===== 2026-03-16 00:20:24 =====
portfolio training process: not running
artifact_count=       0
tmux_session=missing

===== 2026-03-16 00:22:24 =====
portfolio training process: not running
artifact_count=       0
tmux_session=missing

===== 2026-03-16 00:24:24 =====
portfolio training process: not running
artifact_count=       0
tmux_session=missing

===== 2026-03-16 04:50:38 =====
portfolio training process: not running
artifact_count=       0
tmux_session=missing

===== 2026-03-16 09:10:19 =====
portfolio training process: not running
artifact_count=       0
tmux_session=missing

===== 2026-03-16 09:34:46 =====
portfolio training process: not running
artifact_count=       0
tmux_session=missing

===== 2026-03-16 09:36:46 =====
portfolio training process: not running
artifact_count=       0
tmux_session=missing

===== 2026-03-16 09:38:46 =====
portfolio training process: not running
artifact_count=       0
tmux_session=missing

===== 2026-03-16 09:40:46 =====
portfolio training process: not running
artifact_count=       0
tmux_session=missing

===== 2026-03-16 09:42:46 =====
portfolio training process: not running
artifact_count=       0
tmux_session=missing

===== 2026-03-16 09:44:46 =====
portfolio training process: not running
artifact_count=       0
tmux_session=missing

===== 2026-03-16 09:46:46 =====
portfolio training process: not running
artifact_count=       0
tmux_session=missing

===== 2026-03-16 09:48:47 =====
portfolio training process: not running
artifact_count=       0
tmux_session=missing

===== 2026-03-16 09:50:47 =====
portfolio training process: not running
artifact_count=       0
tmux_session=missing

===== 2026-03-16 09:52:47 =====
portfolio training process: not running
artifact_count=       0
tmux_session=missing

===== 2026-03-16 09:54:47 =====
portfolio training process: not running
artifact_count=       0
tmux_session=missing

===== 2026-03-16 09:56:47 =====
portfolio training process: not running
artifact_count=       0
tmux_session=missing

===== 2026-03-16 09:58:47 =====
portfolio training process: not running
artifact_count=       0
tmux_session=missing

===== 2026-03-16 10:00:48 =====
portfolio training process: not running
artifact_count=       0
tmux_session=missing

===== 2026-03-16 10:02:48 =====
portfolio training process: not running
artifact_count=       0
tmux_session=missing

===== 2026-03-16 10:04:48 =====
portfolio training process: not running
artifact_count=       0
tmux_session=missing

===== 2026-03-16 10:16:18 =====
portfolio training process: not running
artifact_count=       0
tmux_session=missing

