pybullet build time: Oct 14 2023 15:59:43
CUDA is not available. Falling back to CPU.
env: Portfolio, env reward dim: 2
reward_dim_indices = [0, 1], reward_shape = 2
num_total_policies = 10
normalization data: None
Using cpu device
Training policy 1 with 2000000.0 steps...
return [  49.81037589 -110.38062871]
---------------------------------
| rollout/           |          |
|    ep_len_mean     | 272      |
|    ep_rew_mean     | -20.6    |
| time/              |          |
|    fps             | 702      |
|    iterations      | 1        |
|    time_elapsed    | 58       |
|    total_timesteps | 40960    |
---------------------------------
return [ 21.84975491 -36.94554622]
return [ 48.03243614 -88.17489197]
-----------------------------------------
| rollout/                |             |
|    ep_len_mean          | 268         |
|    ep_rew_mean          | -23.2       |
| time/                   |             |
|    fps                  | 656         |
|    iterations           | 2           |
|    time_elapsed         | 124         |
|    total_timesteps      | 81920       |
| train/                  |             |
|    approx_kl            | 0.011706707 |
|    clip_fraction        | 0.16        |
|    clip_range           | 0.2         |
|    entropy_loss         | -28.4       |
|    explained_variance   | 0.00316     |
|    learning_rate        | 0.0003      |
|    loss                 | 20.6        |
|    n_updates            | 5           |
|    policy_gradient_loss | -0.00165    |
|    std                  | 1           |
|    value_loss           | 55.7        |
-----------------------------------------
return [  57.70467052 -113.44786464]
-----------------------------------------
| rollout/                |             |
|    ep_len_mean          | 240         |
|    ep_rew_mean          | -19         |
| time/                   |             |
|    fps                  | 648         |
|    iterations           | 3           |
|    time_elapsed         | 189         |
|    total_timesteps      | 122880      |
| train/                  |             |
|    approx_kl            | 0.012034202 |
|    clip_fraction        | 0.149       |
|    clip_range           | 0.2         |
|    entropy_loss         | -28.4       |
|    explained_variance   | 0.0799      |
|    learning_rate        | 0.0003      |
|    loss                 | 40          |
|    n_updates            | 10          |
|    policy_gradient_loss | -0.00288    |
|    std                  | 1           |
|    value_loss           | 88.7        |
-----------------------------------------
return [  83.48058735 -159.76787296]
return [  9.35681259 -25.1914184 ]
-----------------------------------------
| rollout/                |             |
|    ep_len_mean          | 273         |
|    ep_rew_mean          | -21.8       |
| time/                   |             |
|    fps                  | 645         |
|    iterations           | 4           |
|    time_elapsed         | 253         |
|    total_timesteps      | 163840      |
| train/                  |             |
|    approx_kl            | 0.011839311 |
|    clip_fraction        | 0.152       |
|    clip_range           | 0.2         |
|    entropy_loss         | -28.4       |
|    explained_variance   | 0.164       |
|    learning_rate        | 0.0003      |
|    loss                 | 24.4        |
|    n_updates            | 15          |
|    policy_gradient_loss | -0.00255    |
|    std                  | 1           |
|    value_loss           | 86.6        |
-----------------------------------------
return [ 3.10634705 -9.45223132]
-----------------------------------------
| rollout/                |             |
|    ep_len_mean          | 242         |
|    ep_rew_mean          | -19.6       |
| time/                   |             |
|    fps                  | 641         |
|    iterations           | 5           |
|    time_elapsed         | 319         |
|    total_timesteps      | 204800      |
| train/                  |             |
|    approx_kl            | 0.012358418 |
|    clip_fraction        | 0.162       |
|    clip_range           | 0.2         |
|    entropy_loss         | -28.4       |
|    explained_variance   | 0.258       |
|    learning_rate        | 0.0003      |
|    loss                 | 31.7        |
|    n_updates            | 20          |
|    policy_gradient_loss | -0.00191    |
|    std                  | 1           |
|    value_loss           | 81.8        |
-----------------------------------------
return [  67.73002679 -131.20913419]
return [ 41.16958303 -82.52403636]
-----------------------------------------
| rollout/                |             |
|    ep_len_mean          | 262         |
|    ep_rew_mean          | -20.6       |
| time/                   |             |
|    fps                  | 639         |
|    iterations           | 6           |
|    time_elapsed         | 384         |
|    total_timesteps      | 245760      |
| train/                  |             |
|    approx_kl            | 0.012397092 |
|    clip_fraction        | 0.165       |
|    clip_range           | 0.2         |
|    entropy_loss         | -28.3       |
|    explained_variance   | 0.265       |
|    learning_rate        | 0.0003      |
|    loss                 | 45.7        |
|    n_updates            | 25          |
|    policy_gradient_loss | -0.00284    |
|    std                  | 0.998       |
|    value_loss           | 97.5        |
-----------------------------------------
return [ 13.30261149 -33.86894515]
return [ 26.14451761 -56.13683659]
----------------------------------------
| rollout/                |            |
|    ep_len_mean          | 268        |
|    ep_rew_mean          | -22.8      |
| time/                   |            |
|    fps                  | 638        |
|    iterations           | 7          |
|    time_elapsed         | 448        |
|    total_timesteps      | 286720     |
| train/                  |            |
|    approx_kl            | 0.01274212 |
|    clip_fraction        | 0.17       |
|    clip_range           | 0.2        |
|    entropy_loss         | -28.3      |
|    explained_variance   | 0.316      |
|    learning_rate        | 0.0003     |
|    loss                 | 34.1       |
|    n_updates            | 30         |
|    policy_gradient_loss | -0.00262   |
|    std                  | 0.997      |
|    value_loss           | 92.3       |
----------------------------------------
return [ 44.96104366 -83.70861845]
-----------------------------------------
| rollout/                |             |
|    ep_len_mean          | 247         |
|    ep_rew_mean          | -20.3       |
| time/                   |             |
|    fps                  | 638         |
|    iterations           | 8           |
|    time_elapsed         | 513         |
|    total_timesteps      | 327680      |
| train/                  |             |
|    approx_kl            | 0.013257332 |
|    clip_fraction        | 0.172       |
|    clip_range           | 0.2         |
|    entropy_loss         | -28.3       |
|    explained_variance   | 0.375       |
|    learning_rate        | 0.0003      |
|    loss                 | 31.6        |
|    n_updates            | 35          |
|    policy_gradient_loss | -0.00207    |
|    std                  | 0.997       |
|    value_loss           | 91.7        |
-----------------------------------------
return [  81.60177024 -132.40230867]
return [ 35.88605015 -73.7804921 ]
-----------------------------------------
| rollout/                |             |
|    ep_len_mean          | 261         |
|    ep_rew_mean          | -20         |
| time/                   |             |
|    fps                  | 637         |
|    iterations           | 9           |
|    time_elapsed         | 578         |
|    total_timesteps      | 368640      |
| train/                  |             |
|    approx_kl            | 0.013327983 |
|    clip_fraction        | 0.174       |
|    clip_range           | 0.2         |
|    entropy_loss         | -28.3       |
|    explained_variance   | 0.385       |
|    learning_rate        | 0.0003      |
|    loss                 | 52          |
|    n_updates            | 40          |
|    policy_gradient_loss | -0.00271    |
|    std                  | 0.997       |
|    value_loss           | 95.3        |
-----------------------------------------
return [ 25.04055748 -56.19461705]
----------------------------------------
| rollout/                |            |
|    ep_len_mean          | 235        |
|    ep_rew_mean          | -18        |
| time/                   |            |
|    fps                  | 633        |
|    iterations           | 10         |
|    time_elapsed         | 646        |
|    total_timesteps      | 409600     |
| train/                  |            |
|    approx_kl            | 0.01341185 |
|    clip_fraction        | 0.176      |
|    clip_range           | 0.2        |
|    entropy_loss         | -28.3      |
|    explained_variance   | 0.433      |
|    learning_rate        | 0.0003     |
|    loss                 | 47.1       |
|    n_updates            | 45         |
|    policy_gradient_loss | -0.00248   |
|    std                  | 0.997      |
|    value_loss           | 91.4       |
----------------------------------------
return [ 23.36242747 -39.67117924]
return [  67.46021095 -129.36493728]
-----------------------------------------
| rollout/                |             |
|    ep_len_mean          | 229         |
|    ep_rew_mean          | -18.4       |
| time/                   |             |
|    fps                  | 633         |
|    iterations           | 11          |
|    time_elapsed         | 711         |
|    total_timesteps      | 450560      |
| train/                  |             |
|    approx_kl            | 0.013593299 |
|    clip_fraction        | 0.182       |
|    clip_range           | 0.2         |
|    entropy_loss         | -28.3       |
|    explained_variance   | 0.429       |
|    learning_rate        | 0.0003      |
|    loss                 | 44.2        |
|    n_updates            | 50          |
|    policy_gradient_loss | -0.00175    |
|    std                  | 0.997       |
|    value_loss           | 91.9        |
-----------------------------------------
return [ 34.0324329  -72.08450116]
return [  78.77825274 -135.40775976]
-----------------------------------------
| rollout/                |             |
|    ep_len_mean          | 245         |
|    ep_rew_mean          | -20.2       |
| time/                   |             |
|    fps                  | 634         |
|    iterations           | 12          |
|    time_elapsed         | 774         |
|    total_timesteps      | 491520      |
| train/                  |             |
|    approx_kl            | 0.013361546 |
|    clip_fraction        | 0.177       |
|    clip_range           | 0.2         |
|    entropy_loss         | -28.3       |
|    explained_variance   | 0.442       |
|    learning_rate        | 0.0003      |
|    loss                 | 73.7        |
|    n_updates            | 55          |
|    policy_gradient_loss | -0.00183    |
|    std                  | 0.996       |
|    value_loss           | 90.4        |
-----------------------------------------
return [  7.09581465 -10.38194452]
-----------------------------------------
| rollout/                |             |
|    ep_len_mean          | 239         |
|    ep_rew_mean          | -17.1       |
| time/                   |             |
|    fps                  | 633         |
|    iterations           | 13          |
|    time_elapsed         | 840         |
|    total_timesteps      | 532480      |
| train/                  |             |
|    approx_kl            | 0.013957819 |
|    clip_fraction        | 0.186       |
|    clip_range           | 0.2         |
|    entropy_loss         | -28.3       |
|    explained_variance   | 0.441       |
|    learning_rate        | 0.0003      |
|    loss                 | 47.7        |
|    n_updates            | 60          |
|    policy_gradient_loss | -0.00225    |
|    std                  | 0.995       |
|    value_loss           | 91.7        |
-----------------------------------------
return [ 15.75376735 -45.38751006]
return [  60.09650465 -118.08776954]
-----------------------------------------
| rollout/                |             |
|    ep_len_mean          | 267         |
|    ep_rew_mean          | -21.8       |
| time/                   |             |
|    fps                  | 633         |
|    iterations           | 14          |
|    time_elapsed         | 905         |
|    total_timesteps      | 573440      |
| train/                  |             |
|    approx_kl            | 0.013748741 |
|    clip_fraction        | 0.186       |
|    clip_range           | 0.2         |
|    entropy_loss         | -28.2       |
|    explained_variance   | 0.453       |
|    learning_rate        | 0.0003      |
|    loss                 | 51.4        |
|    n_updates            | 65          |
|    policy_gradient_loss | -0.00288    |
|    std                  | 0.994       |
|    value_loss           | 93.2        |
-----------------------------------------
return [ 41.82788828 -85.98015764]
return [  70.65490961 -117.96023565]
-----------------------------------------
| rollout/                |             |
|    ep_len_mean          | 237         |
|    ep_rew_mean          | -19.6       |
| time/                   |             |
|    fps                  | 632         |
|    iterations           | 15          |
|    time_elapsed         | 971         |
|    total_timesteps      | 614400      |
| train/                  |             |
|    approx_kl            | 0.014074688 |
|    clip_fraction        | 0.188       |
|    clip_range           | 0.2         |
|    entropy_loss         | -28.3       |
|    explained_variance   | 0.483       |
|    learning_rate        | 0.0003      |
|    loss                 | 27.5        |
|    n_updates            | 70          |
|    policy_gradient_loss | -0.00192    |
|    std                  | 0.994       |
|    value_loss           | 87.3        |
-----------------------------------------
return [  70.69461173 -136.65820423]
-----------------------------------------
| rollout/                |             |
|    ep_len_mean          | 264         |
|    ep_rew_mean          | -22         |
| time/                   |             |
|    fps                  | 632         |
|    iterations           | 16          |
|    time_elapsed         | 1036        |
|    total_timesteps      | 655360      |
| train/                  |             |
|    approx_kl            | 0.014205284 |
|    clip_fraction        | 0.187       |
|    clip_range           | 0.2         |
|    entropy_loss         | -28.3       |
|    explained_variance   | 0.487       |
|    learning_rate        | 0.0003      |
|    loss                 | 33.3        |
|    n_updates            | 75          |
|    policy_gradient_loss | -0.00171    |
|    std                  | 0.994       |
|    value_loss           | 87.7        |
-----------------------------------------
return [  71.00661296 -114.18525708]
return [ 51.51733548 -95.59999928]
-----------------------------------------
| rollout/                |             |
|    ep_len_mean          | 223         |
|    ep_rew_mean          | -16.8       |
| time/                   |             |
|    fps                  | 631         |
|    iterations           | 17          |
|    time_elapsed         | 1102        |
|    total_timesteps      | 696320      |
| train/                  |             |
|    approx_kl            | 0.015282331 |
|    clip_fraction        | 0.201       |
|    clip_range           | 0.2         |
|    entropy_loss         | -28.2       |
|    explained_variance   | 0.51        |
|    learning_rate        | 0.0003      |
|    loss                 | 56.9        |
|    n_updates            | 80          |
|    policy_gradient_loss | -0.00344    |
|    std                  | 0.993       |
|    value_loss           | 90.3        |
-----------------------------------------
return [  69.82984209 -113.21478416]
return [ 11.97054401 -29.71913898]
-----------------------------------------
| rollout/                |             |
|    ep_len_mean          | 237         |
|    ep_rew_mean          | -18.9       |
| time/                   |             |
|    fps                  | 631         |
|    iterations           | 18          |
|    time_elapsed         | 1168        |
|    total_timesteps      | 737280      |
| train/                  |             |
|    approx_kl            | 0.013724926 |
|    clip_fraction        | 0.18        |
|    clip_range           | 0.2         |
|    entropy_loss         | -28.2       |
|    explained_variance   | 0.489       |
|    learning_rate        | 0.0003      |
|    loss                 | 54.6        |
|    n_updates            | 85          |
|    policy_gradient_loss | -0.00176    |
|    std                  | 0.993       |
|    value_loss           | 95.9        |
-----------------------------------------
return [  75.80613456 -124.16256901]
-----------------------------------------
| rollout/                |             |
|    ep_len_mean          | 262         |
|    ep_rew_mean          | -18.9       |
| time/                   |             |
|    fps                  | 630         |
|    iterations           | 19          |
|    time_elapsed         | 1234        |
|    total_timesteps      | 778240      |
| train/                  |             |
|    approx_kl            | 0.013699556 |
|    clip_fraction        | 0.191       |
|    clip_range           | 0.2         |
|    entropy_loss         | -28.2       |
|    explained_variance   | 0.551       |
|    learning_rate        | 0.0003      |
|    loss                 | 45.5        |
|    n_updates            | 90          |
|    policy_gradient_loss | -0.00129    |
|    std                  | 0.992       |
|    value_loss           | 83.6        |
-----------------------------------------
return [ 48.04113149 -86.03043111]
return [ 50.06788782 -99.44615692]
-----------------------------------------
| rollout/                |             |
|    ep_len_mean          | 264         |
|    ep_rew_mean          | -23.8       |
| time/                   |             |
|    fps                  | 629         |
|    iterations           | 20          |
|    time_elapsed         | 1300        |
|    total_timesteps      | 819200      |
| train/                  |             |
|    approx_kl            | 0.013890997 |
|    clip_fraction        | 0.187       |
|    clip_range           | 0.2         |
|    entropy_loss         | -28.2       |
|    explained_variance   | 0.572       |
|    learning_rate        | 0.0003      |
|    loss                 | 25.5        |
|    n_updates            | 95          |
|    policy_gradient_loss | -0.00128    |
|    std                  | 0.991       |
|    value_loss           | 83.2        |
-----------------------------------------
return [  87.62180079 -141.47657694]
-----------------------------------------
| rollout/                |             |
|    ep_len_mean          | 250         |
|    ep_rew_mean          | -20.1       |
| time/                   |             |
|    fps                  | 629         |
|    iterations           | 21          |
|    time_elapsed         | 1366        |
|    total_timesteps      | 860160      |
| train/                  |             |
|    approx_kl            | 0.014442721 |
|    clip_fraction        | 0.194       |
|    clip_range           | 0.2         |
|    entropy_loss         | -28.2       |
|    explained_variance   | 0.543       |
|    learning_rate        | 0.0003      |
|    loss                 | 39.8        |
|    n_updates            | 100         |
|    policy_gradient_loss | -0.00226    |
|    std                  | 0.99        |
|    value_loss           | 90.3        |
-----------------------------------------
return [  85.90622835 -145.45573305]
return [ 52.55322099 -86.24048752]
-----------------------------------------
| rollout/                |             |
|    ep_len_mean          | 267         |
|    ep_rew_mean          | -21.2       |
| time/                   |             |
|    fps                  | 628         |
|    iterations           | 22          |
|    time_elapsed         | 1433        |
|    total_timesteps      | 901120      |
| train/                  |             |
|    approx_kl            | 0.014981141 |
|    clip_fraction        | 0.197       |
|    clip_range           | 0.2         |
|    entropy_loss         | -28.2       |
|    explained_variance   | 0.534       |
|    learning_rate        | 0.0003      |
|    loss                 | 34.3        |
|    n_updates            | 105         |
|    policy_gradient_loss | -0.00204    |
|    std                  | 0.992       |
|    value_loss           | 92.2        |
-----------------------------------------
return [ 26.79529611 -61.21751556]
return [ 31.49893998 -55.46598389]
------------------------------------------
| rollout/                |              |
|    ep_len_mean          | 264          |
|    ep_rew_mean          | -18.9        |
| time/                   |              |
|    fps                  | 627          |
|    iterations           | 23           |
|    time_elapsed         | 1502         |
|    total_timesteps      | 942080       |
| train/                  |              |
|    approx_kl            | 0.0146805225 |
|    clip_fraction        | 0.204        |
|    clip_range           | 0.2          |
|    entropy_loss         | -28.2        |
|    explained_variance   | 0.539        |
|    learning_rate        | 0.0003       |
|    loss                 | 40.7         |
|    n_updates            | 110          |
|    policy_gradient_loss | -0.00209     |
|    std                  | 0.991        |
|    value_loss           | 87.6         |
------------------------------------------
return [ 37.660905  -76.0342312]
-----------------------------------------
| rollout/                |             |
|    ep_len_mean          | 253         |
|    ep_rew_mean          | -19.4       |
| time/                   |             |
|    fps                  | 626         |
|    iterations           | 24          |
|    time_elapsed         | 1568        |
|    total_timesteps      | 983040      |
| train/                  |             |
|    approx_kl            | 0.014286687 |
|    clip_fraction        | 0.191       |
|    clip_range           | 0.2         |
|    entropy_loss         | -28.2       |
|    explained_variance   | 0.537       |
|    learning_rate        | 0.0003      |
|    loss                 | 27.6        |
|    n_updates            | 115         |
|    policy_gradient_loss | -0.00131    |
|    std                  | 0.991       |
|    value_loss           | 86          |
-----------------------------------------
return [ 43.29384369 -76.58233125]
return [ 35.03746382 -76.49839993]
----------------------------------------
| rollout/                |            |
|    ep_len_mean          | 255        |
|    ep_rew_mean          | -19.1      |
| time/                   |            |
|    fps                  | 625        |
|    iterations           | 25         |
|    time_elapsed         | 1637       |
|    total_timesteps      | 1024000    |
| train/                  |            |
|    approx_kl            | 0.01506831 |
|    clip_fraction        | 0.199      |
|    clip_range           | 0.2        |
|    entropy_loss         | -28.2      |
|    explained_variance   | 0.566      |
|    learning_rate        | 0.0003     |
|    loss                 | 31.1       |
|    n_updates            | 120        |
|    policy_gradient_loss | -0.00223   |
|    std                  | 0.991      |
|    value_loss           | 84.7       |
----------------------------------------
return [ 30.98597972 -59.66899289]
-----------------------------------------
| rollout/                |             |
|    ep_len_mean          | 250         |
|    ep_rew_mean          | -21.5       |
| time/                   |             |
|    fps                  | 623         |
|    iterations           | 26          |
|    time_elapsed         | 1708        |
|    total_timesteps      | 1064960     |
| train/                  |             |
|    approx_kl            | 0.014433833 |
|    clip_fraction        | 0.195       |
|    clip_range           | 0.2         |
|    entropy_loss         | -28.2       |
|    explained_variance   | 0.57        |
|    learning_rate        | 0.0003      |
|    loss                 | 42.4        |
|    n_updates            | 125         |
|    policy_gradient_loss | -0.0017     |
|    std                  | 0.993       |
|    value_loss           | 86.5        |
-----------------------------------------
return [  86.8792591  -188.64339404]
return [  56.07795726 -110.14899731]
-----------------------------------------
| rollout/                |             |
|    ep_len_mean          | 264         |
|    ep_rew_mean          | -20.4       |
| time/                   |             |
|    fps                  | 622         |
|    iterations           | 27          |
|    time_elapsed         | 1775        |
|    total_timesteps      | 1105920     |
| train/                  |             |
|    approx_kl            | 0.015363732 |
|    clip_fraction        | 0.205       |
|    clip_range           | 0.2         |
|    entropy_loss         | -28.2       |
|    explained_variance   | 0.563       |
|    learning_rate        | 0.0003      |
|    loss                 | 80.7        |
|    n_updates            | 130         |
|    policy_gradient_loss | -0.00253    |
|    std                  | 0.992       |
|    value_loss           | 85.7        |
-----------------------------------------
return [ 52.94240462 -97.57530405]
return [  48.14082408 -103.69117382]
-----------------------------------------
| rollout/                |             |
|    ep_len_mean          | 266         |
|    ep_rew_mean          | -22         |
| time/                   |             |
|    fps                  | 622         |
|    iterations           | 28          |
|    time_elapsed         | 1842        |
|    total_timesteps      | 1146880     |
| train/                  |             |
|    approx_kl            | 0.014362549 |
|    clip_fraction        | 0.193       |
|    clip_range           | 0.2         |
|    entropy_loss         | -28.2       |
|    explained_variance   | 0.575       |
|    learning_rate        | 0.0003      |
|    loss                 | 51.1        |
|    n_updates            | 135         |
|    policy_gradient_loss | -0.00159    |
|    std                  | 0.991       |
|    value_loss           | 85.8        |
-----------------------------------------
return [ 34.34307155 -69.56420165]
-----------------------------------------
| rollout/                |             |
|    ep_len_mean          | 270         |
|    ep_rew_mean          | -24         |
| time/                   |             |
|    fps                  | 622         |
|    iterations           | 29          |
|    time_elapsed         | 1907        |
|    total_timesteps      | 1187840     |
| train/                  |             |
|    approx_kl            | 0.014812809 |
|    clip_fraction        | 0.201       |
|    clip_range           | 0.2         |
|    entropy_loss         | -28.2       |
|    explained_variance   | 0.577       |
|    learning_rate        | 0.0003      |
|    loss                 | 48.2        |
|    n_updates            | 140         |
|    policy_gradient_loss | -0.00165    |
|    std                  | 0.989       |
|    value_loss           | 83.1        |
-----------------------------------------
return [  52.31279198 -101.00394017]
return [  68.2691496 -118.7557283]
-----------------------------------------
| rollout/                |             |
|    ep_len_mean          | 245         |
|    ep_rew_mean          | -19         |
| time/                   |             |
|    fps                  | 622         |
|    iterations           | 30          |
|    time_elapsed         | 1973        |
|    total_timesteps      | 1228800     |
| train/                  |             |
|    approx_kl            | 0.014783395 |
|    clip_fraction        | 0.2         |
|    clip_range           | 0.2         |
|    entropy_loss         | -28.1       |
|    explained_variance   | 0.524       |
|    learning_rate        | 0.0003      |
|    loss                 | 51          |
|    n_updates            | 145         |
|    policy_gradient_loss | -0.00175    |
|    std                  | 0.989       |
|    value_loss           | 93.1        |
-----------------------------------------
return [  62.07249195 -102.0950724 ]
return [  67.29598669 -101.66789784]
-----------------------------------------
| rollout/                |             |
|    ep_len_mean          | 254         |
|    ep_rew_mean          | -18.8       |
| time/                   |             |
|    fps                  | 622         |
|    iterations           | 31          |
|    time_elapsed         | 2038        |
|    total_timesteps      | 1269760     |
| train/                  |             |
|    approx_kl            | 0.014624548 |
|    clip_fraction        | 0.204       |
|    clip_range           | 0.2         |
|    entropy_loss         | -28.2       |
|    explained_variance   | 0.567       |
|    learning_rate        | 0.0003      |
|    loss                 | 23.7        |
|    n_updates            | 150         |
|    policy_gradient_loss | -0.00136    |
|    std                  | 0.99        |
|    value_loss           | 85.2        |
-----------------------------------------
return [  55.35639874 -114.44857129]
-----------------------------------------
| rollout/                |             |
|    ep_len_mean          | 245         |
|    ep_rew_mean          | -19.5       |
| time/                   |             |
|    fps                  | 622         |
|    iterations           | 32          |
|    time_elapsed         | 2106        |
|    total_timesteps      | 1310720     |
| train/                  |             |
|    approx_kl            | 0.014570097 |
|    clip_fraction        | 0.197       |
|    clip_range           | 0.2         |
|    entropy_loss         | -28.2       |
|    explained_variance   | 0.601       |
|    learning_rate        | 0.0003      |
|    loss                 | 51.6        |
|    n_updates            | 155         |
|    policy_gradient_loss | -0.000543   |
|    std                  | 0.99        |
|    value_loss           | 79.6        |
-----------------------------------------
return [  47.97420717 -102.28838176]
return [  90.51532911 -218.39172523]
-----------------------------------------
| rollout/                |             |
|    ep_len_mean          | 252         |
|    ep_rew_mean          | -18.9       |
| time/                   |             |
|    fps                  | 621         |
|    iterations           | 33          |
|    time_elapsed         | 2173        |
|    total_timesteps      | 1351680     |
| train/                  |             |
|    approx_kl            | 0.014604355 |
|    clip_fraction        | 0.199       |
|    clip_range           | 0.2         |
|    entropy_loss         | -28.2       |
|    explained_variance   | 0.589       |
|    learning_rate        | 0.0003      |
|    loss                 | 29.3        |
|    n_updates            | 160         |
|    policy_gradient_loss | -0.00162    |
|    std                  | 0.99        |
|    value_loss           | 84.1        |
-----------------------------------------
return [  62.60064027 -105.08357979]
-----------------------------------------
| rollout/                |             |
|    ep_len_mean          | 262         |
|    ep_rew_mean          | -19.3       |
| time/                   |             |
|    fps                  | 620         |
|    iterations           | 34          |
|    time_elapsed         | 2242        |
|    total_timesteps      | 1392640     |
| train/                  |             |
|    approx_kl            | 0.015372863 |
|    clip_fraction        | 0.202       |
|    clip_range           | 0.2         |
|    entropy_loss         | -28.2       |
|    explained_variance   | 0.566       |
|    learning_rate        | 0.0003      |
|    loss                 | 38.4        |
|    n_updates            | 165         |
|    policy_gradient_loss | -0.00159    |
|    std                  | 0.991       |
|    value_loss           | 87.9        |
-----------------------------------------
return [  64.44736163 -110.98953576]
return [  63.10206955 -116.9449086 ]
-----------------------------------------
| rollout/                |             |
|    ep_len_mean          | 274         |
|    ep_rew_mean          | -22.5       |
| time/                   |             |
|    fps                  | 620         |
|    iterations           | 35          |
|    time_elapsed         | 2310        |
|    total_timesteps      | 1433600     |
| train/                  |             |
|    approx_kl            | 0.014748879 |
|    clip_fraction        | 0.2         |
|    clip_range           | 0.2         |
|    entropy_loss         | -28.2       |
|    explained_variance   | 0.569       |
|    learning_rate        | 0.0003      |
|    loss                 | 52.3        |
|    n_updates            | 170         |
|    policy_gradient_loss | -0.00125    |
|    std                  | 0.993       |
|    value_loss           | 86.4        |
-----------------------------------------
return [ 54.09721835 -98.4352944 ]
-----------------------------------------
| rollout/                |             |
|    ep_len_mean          | 266         |
|    ep_rew_mean          | -20.2       |
| time/                   |             |
|    fps                  | 620         |
|    iterations           | 36          |
|    time_elapsed         | 2378        |
|    total_timesteps      | 1474560     |
| train/                  |             |
|    approx_kl            | 0.015881201 |
|    clip_fraction        | 0.206       |
|    clip_range           | 0.2         |
|    entropy_loss         | -28.2       |
|    explained_variance   | 0.556       |
|    learning_rate        | 0.0003      |
|    loss                 | 66.4        |
|    n_updates            | 175         |
|    policy_gradient_loss | -0.00167    |
|    std                  | 0.993       |
|    value_loss           | 91.3        |
-----------------------------------------
return [  55.7159077 -103.3749961]
return [ 51.93506539 -90.71890084]
-----------------------------------------
| rollout/                |             |
|    ep_len_mean          | 256         |
|    ep_rew_mean          | -21.9       |
| time/                   |             |
|    fps                  | 619         |
|    iterations           | 37          |
|    time_elapsed         | 2445        |
|    total_timesteps      | 1515520     |
| train/                  |             |
|    approx_kl            | 0.015423368 |
|    clip_fraction        | 0.211       |
|    clip_range           | 0.2         |
|    entropy_loss         | -28.2       |
|    explained_variance   | 0.588       |
|    learning_rate        | 0.0003      |
|    loss                 | 19.3        |
|    n_updates            | 180         |
|    policy_gradient_loss | -0.00173    |
|    std                  | 0.993       |
|    value_loss           | 80.4        |
-----------------------------------------
return [ 10.65031896 -28.65532631]
return [  7.01270909 -10.91703545]
-----------------------------------------
| rollout/                |             |
|    ep_len_mean          | 235         |
|    ep_rew_mean          | -17.6       |
| time/                   |             |
|    fps                  | 620         |
|    iterations           | 38          |
|    time_elapsed         | 2510        |
|    total_timesteps      | 1556480     |
| train/                  |             |
|    approx_kl            | 0.014437621 |
|    clip_fraction        | 0.2         |
|    clip_range           | 0.2         |
|    entropy_loss         | -28.2       |
|    explained_variance   | 0.559       |
|    learning_rate        | 0.0003      |
|    loss                 | 58          |
|    n_updates            | 185         |
|    policy_gradient_loss | -0.000674   |
|    std                  | 0.992       |
|    value_loss           | 88.5        |
-----------------------------------------
return [  5.90580154 -11.16085027]
return [ 32.24458137 -54.63689829]
-----------------------------------------
| rollout/                |             |
|    ep_len_mean          | 260         |
|    ep_rew_mean          | -20.8       |
| time/                   |             |
|    fps                  | 620         |
|    iterations           | 39          |
|    time_elapsed         | 2576        |
|    total_timesteps      | 1597440     |
| train/                  |             |
|    approx_kl            | 0.014404714 |
|    clip_fraction        | 0.2         |
|    clip_range           | 0.2         |
|    entropy_loss         | -28.2       |
|    explained_variance   | 0.545       |
|    learning_rate        | 0.0003      |
|    loss                 | 37.8        |
|    n_updates            | 190         |
|    policy_gradient_loss | -0.00196    |
|    std                  | 0.99        |
|    value_loss           | 88.6        |
-----------------------------------------
return [  57.74521105 -106.39082102]
-----------------------------------------
| rollout/                |             |
|    ep_len_mean          | 244         |
|    ep_rew_mean          | -18.3       |
| time/                   |             |
|    fps                  | 620         |
|    iterations           | 40          |
|    time_elapsed         | 2640        |
|    total_timesteps      | 1638400     |
| train/                  |             |
|    approx_kl            | 0.014962306 |
|    clip_fraction        | 0.206       |
|    clip_range           | 0.2         |
|    entropy_loss         | -28.1       |
|    explained_variance   | 0.581       |
|    learning_rate        | 0.0003      |
|    loss                 | 33.4        |
|    n_updates            | 195         |
|    policy_gradient_loss | -0.000865   |
|    std                  | 0.989       |
|    value_loss           | 82.2        |
-----------------------------------------
return [  86.11338197 -149.50106624]
return [ 18.20386887 -40.94096774]
------------------------------------------
| rollout/                |              |
|    ep_len_mean          | 243          |
|    ep_rew_mean          | -17.4        |
| time/                   |              |
|    fps                  | 620          |
|    iterations           | 41           |
|    time_elapsed         | 2707         |
|    total_timesteps      | 1679360      |
| train/                  |              |
|    approx_kl            | 0.0154053215 |
|    clip_fraction        | 0.212        |
|    clip_range           | 0.2          |
|    entropy_loss         | -28.1        |
|    explained_variance   | 0.587        |
|    learning_rate        | 0.0003       |
|    loss                 | 35.7         |
|    n_updates            | 200          |
|    policy_gradient_loss | -0.00149     |
|    std                  | 0.989        |
|    value_loss           | 80.3         |
------------------------------------------
return [ 36.57673367 -56.37016837]
-----------------------------------------
| rollout/                |             |
|    ep_len_mean          | 245         |
|    ep_rew_mean          | -18.7       |
| time/                   |             |
|    fps                  | 620         |
|    iterations           | 42          |
|    time_elapsed         | 2772        |
|    total_timesteps      | 1720320     |
| train/                  |             |
|    approx_kl            | 0.014941421 |
|    clip_fraction        | 0.206       |
|    clip_range           | 0.2         |
|    entropy_loss         | -28.1       |
|    explained_variance   | 0.562       |
|    learning_rate        | 0.0003      |
|    loss                 | 54.6        |
|    n_updates            | 205         |
|    policy_gradient_loss | -0.00148    |
|    std                  | 0.986       |
|    value_loss           | 84.6        |
-----------------------------------------
return [  54.57600185 -118.46245432]
return [-1.02681875  0.        ]
-----------------------------------------
| rollout/                |             |
|    ep_len_mean          | 270         |
|    ep_rew_mean          | -19         |
| time/                   |             |
|    fps                  | 620         |
|    iterations           | 43          |
|    time_elapsed         | 2840        |
|    total_timesteps      | 1761280     |
| train/                  |             |
|    approx_kl            | 0.014931706 |
|    clip_fraction        | 0.209       |
|    clip_range           | 0.2         |
|    entropy_loss         | -28.1       |
|    explained_variance   | 0.584       |
|    learning_rate        | 0.0003      |
|    loss                 | 43.3        |
|    n_updates            | 210         |
|    policy_gradient_loss | -0.00101    |
|    std                  | 0.987       |
|    value_loss           | 84.1        |
-----------------------------------------
return [ 14.00453743 -26.99417561]
return [  67.87997167 -114.32609136]
-----------------------------------------
| rollout/                |             |
|    ep_len_mean          | 257         |
|    ep_rew_mean          | -20.8       |
| time/                   |             |
|    fps                  | 620         |
|    iterations           | 44          |
|    time_elapsed         | 2904        |
|    total_timesteps      | 1802240     |
| train/                  |             |
|    approx_kl            | 0.015601548 |
|    clip_fraction        | 0.207       |
|    clip_range           | 0.2         |
|    entropy_loss         | -28.1       |
|    explained_variance   | 0.606       |
|    learning_rate        | 0.0003      |
|    loss                 | 36.2        |
|    n_updates            | 215         |
|    policy_gradient_loss | -0.00114    |
|    std                  | 0.987       |
|    value_loss           | 77.8        |
-----------------------------------------
